DEBUG - 2026-04-06 15:01:44 --> Session: Class initialized using 'CodeIgniter\Session\Handlers\FileHandler' driver.
DEBUG - 2026-04-06 15:01:59 --> Session: Class initialized using 'CodeIgniter\Session\Handlers\FileHandler' driver.
DEBUG - 2026-04-06 15:02:42 --> Session: Class initialized using 'CodeIgniter\Session\Handlers\FileHandler' driver.
DEBUG - 2026-04-06 15:02:47 --> Session: Class initialized using 'CodeIgniter\Session\Handlers\FileHandler' driver.
DEBUG - 2026-04-06 15:03:09 --> Session: Class initialized using 'CodeIgniter\Session\Handlers\FileHandler' driver.
DEBUG - 2026-04-06 15:03:12 --> Session: Class initialized using 'CodeIgniter\Session\Handlers\FileHandler' driver.
DEBUG - 2026-04-06 15:03:31 --> Session: Class initialized using 'CodeIgniter\Session\Handlers\FileHandler' driver.
DEBUG - 2026-04-06 15:03:34 --> Session: Class initialized using 'CodeIgniter\Session\Handlers\FileHandler' driver.
DEBUG - 2026-04-06 15:03:47 --> Session: Class initialized using 'CodeIgniter\Session\Handlers\FileHandler' driver.
DEBUG - 2026-04-06 15:03:57 --> Session: Class initialized using 'CodeIgniter\Session\Handlers\FileHandler' driver.
CRITICAL - 2026-04-06 19:02:37 --> ErrorException: Undefined variable $noticia
[Method: GET, Route: /]
in APPPATH\Views\main.php on line 65.
 1 APPPATH\Views\main.php(65): CodeIgniter\Debug\Exceptions->errorHandler(2, 'Undefined variable $noticia', 'C:\\Users\\Damian\\Desktop\\CMM_Consultoria\\Respaldo web CMM\\CMM-WEB(CI4)\\app\\Views\\main.php', 65)
 2 SYSTEMPATH\View\View.php(240): include('C:\\Users\\Damian\\Desktop\\CMM_Consultoria\\Respaldo web CMM\\CMM-WEB(CI4)\\app\\Views\\main.php')
 3 SYSTEMPATH\View\View.php(243): CodeIgniter\View\View->CodeIgniter\View\{closure}()
 4 SYSTEMPATH\Common.php(1250): CodeIgniter\View\View->render('main', [], true)
 5 APPPATH\Controllers\Home.php(18): view('main', [...])
 6 SYSTEMPATH\CodeIgniter.php(951): App\Controllers\Home->index()
 7 SYSTEMPATH\CodeIgniter.php(497): CodeIgniter\CodeIgniter->runController(Object(App\Controllers\Home))
 8 SYSTEMPATH\CodeIgniter.php(340): CodeIgniter\CodeIgniter->handleRequest(null, Object(Config\Cache), false)
 9 SYSTEMPATH\Boot.php(417): CodeIgniter\CodeIgniter->run()
10 SYSTEMPATH\Boot.php(68): CodeIgniter\Boot::runCodeIgniter(Object(CodeIgniter\CodeIgniter))
11 FCPATH\index.php(59): CodeIgniter\Boot::bootWeb(Object(Config\Paths))
12 SYSTEMPATH\rewrite.php(44): require_once('C:\\Users\\Damian\\Desktop\\CMM_Consultoria\\Respaldo web CMM\\CMM-WEB(CI4)\\public\\index.php')
DEBUG - 2026-04-06 19:02:56 --> Session: Class initialized using 'CodeIgniter\Session\Handlers\FileHandler' driver.
DEBUG - 2026-04-06 19:04:45 --> Session: Class initialized using 'CodeIgniter\Session\Handlers\FileHandler' driver.
DEBUG - 2026-04-06 19:04:57 --> Session: Class initialized using 'CodeIgniter\Session\Handlers\FileHandler' driver.
CRITICAL - 2026-04-06 19:08:32 --> TypeError: Unsupported operand types: string + string
[Method: GET, Route: /]
in APPPATH\Views\main.php on line 68.
 1 SYSTEMPATH\View\View.php(240): include()
 2 SYSTEMPATH\View\View.php(243): CodeIgniter\View\View->CodeIgniter\View\{closure}()
 3 SYSTEMPATH\Common.php(1250): CodeIgniter\View\View->render('main', [], true)
 4 APPPATH\Controllers\Home.php(19): view('main', [...])
 5 SYSTEMPATH\CodeIgniter.php(951): App\Controllers\Home->index()
 6 SYSTEMPATH\CodeIgniter.php(497): CodeIgniter\CodeIgniter->runController(Object(App\Controllers\Home))
 7 SYSTEMPATH\CodeIgniter.php(340): CodeIgniter\CodeIgniter->handleRequest(null, Object(Config\Cache), false)
 8 SYSTEMPATH\Boot.php(417): CodeIgniter\CodeIgniter->run()
 9 SYSTEMPATH\Boot.php(68): CodeIgniter\Boot::runCodeIgniter(Object(CodeIgniter\CodeIgniter))
10 FCPATH\index.php(59): CodeIgniter\Boot::bootWeb(Object(Config\Paths))
11 SYSTEMPATH\rewrite.php(44): require_once('C:\\Users\\Damian\\Desktop\\CMM_Consultoria\\Respaldo web CMM\\CMM-WEB(CI4)\\public\\index.php')
DEBUG - 2026-04-06 19:09:17 --> Session: Class initialized using 'CodeIgniter\Session\Handlers\FileHandler' driver.
DEBUG - 2026-04-06 19:09:34 --> Session: Class initialized using 'CodeIgniter\Session\Handlers\FileHandler' driver.
DEBUG - 2026-04-06 19:10:24 --> Session: Class initialized using 'CodeIgniter\Session\Handlers\FileHandler' driver.
DEBUG - 2026-04-06 19:23:45 --> Session: Class initialized using 'CodeIgniter\Session\Handlers\FileHandler' driver.
DEBUG - 2026-04-06 19:25:04 --> Session: Class initialized using 'CodeIgniter\Session\Handlers\FileHandler' driver.
DEBUG - 2026-04-06 19:25:39 --> Session: Class initialized using 'CodeIgniter\Session\Handlers\FileHandler' driver.
CRITICAL - 2026-04-06 19:35:41 --> ErrorException: Undefined variable $partner
[Method: GET, Route: /]
in APPPATH\Views\main.php on line 117.
 1 APPPATH\Views\main.php(117): CodeIgniter\Debug\Exceptions->errorHandler(2, 'Undefined variable $partner', 'C:\\Users\\Damian\\Desktop\\CMM_Consultoria\\Respaldo web CMM\\CMM-WEB(CI4)\\app\\Views\\main.php', 117)
 2 SYSTEMPATH\View\View.php(240): include('C:\\Users\\Damian\\Desktop\\CMM_Consultoria\\Respaldo web CMM\\CMM-WEB(CI4)\\app\\Views\\main.php')
 3 SYSTEMPATH\View\View.php(243): CodeIgniter\View\View->CodeIgniter\View\{closure}()
 4 SYSTEMPATH\Common.php(1250): CodeIgniter\View\View->render('main', [], true)
 5 APPPATH\Controllers\Home.php(22): view('main', [...])
 6 SYSTEMPATH\CodeIgniter.php(951): App\Controllers\Home->index()
 7 SYSTEMPATH\CodeIgniter.php(497): CodeIgniter\CodeIgniter->runController(Object(App\Controllers\Home))
 8 SYSTEMPATH\CodeIgniter.php(340): CodeIgniter\CodeIgniter->handleRequest(null, Object(Config\Cache), false)
 9 SYSTEMPATH\Boot.php(417): CodeIgniter\CodeIgniter->run()
10 SYSTEMPATH\Boot.php(68): CodeIgniter\Boot::runCodeIgniter(Object(CodeIgniter\CodeIgniter))
11 FCPATH\index.php(59): CodeIgniter\Boot::bootWeb(Object(Config\Paths))
12 SYSTEMPATH\rewrite.php(44): require_once('C:\\Users\\Damian\\Desktop\\CMM_Consultoria\\Respaldo web CMM\\CMM-WEB(CI4)\\public\\index.php')
DEBUG - 2026-04-06 19:36:05 --> Session: Class initialized using 'CodeIgniter\Session\Handlers\FileHandler' driver.
CRITICAL - 2026-04-06 20:03:44 --> ErrorException: Undefined variable $pa
[Method: GET, Route: /]
in APPPATH\Views\main.php on line 117.
 1 APPPATH\Views\main.php(117): CodeIgniter\Debug\Exceptions->errorHandler(2, 'Undefined variable $pa', 'C:\\Users\\Damian\\Desktop\\CMM_Consultoria\\Respaldo web CMM\\CMM-WEB(CI4)\\app\\Views\\main.php', 117)
 2 SYSTEMPATH\View\View.php(240): include('C:\\Users\\Damian\\Desktop\\CMM_Consultoria\\Respaldo web CMM\\CMM-WEB(CI4)\\app\\Views\\main.php')
 3 SYSTEMPATH\View\View.php(243): CodeIgniter\View\View->CodeIgniter\View\{closure}()
 4 SYSTEMPATH\Common.php(1250): CodeIgniter\View\View->render('main', [], true)
 5 APPPATH\Controllers\Home.php(22): view('main', [...])
 6 SYSTEMPATH\CodeIgniter.php(951): App\Controllers\Home->index()
 7 SYSTEMPATH\CodeIgniter.php(497): CodeIgniter\CodeIgniter->runController(Object(App\Controllers\Home))
 8 SYSTEMPATH\CodeIgniter.php(340): CodeIgniter\CodeIgniter->handleRequest(null, Object(Config\Cache), false)
 9 SYSTEMPATH\Boot.php(417): CodeIgniter\CodeIgniter->run()
10 SYSTEMPATH\Boot.php(68): CodeIgniter\Boot::runCodeIgniter(Object(CodeIgniter\CodeIgniter))
11 FCPATH\index.php(59): CodeIgniter\Boot::bootWeb(Object(Config\Paths))
12 SYSTEMPATH\rewrite.php(44): require_once('C:\\Users\\Damian\\Desktop\\CMM_Consultoria\\Respaldo web CMM\\CMM-WEB(CI4)\\public\\index.php')
DEBUG - 2026-04-06 20:04:17 --> Session: Class initialized using 'CodeIgniter\Session\Handlers\FileHandler' driver.
DEBUG - 2026-04-06 20:07:25 --> Session: Class initialized using 'CodeIgniter\Session\Handlers\FileHandler' driver.
DEBUG - 2026-04-06 20:07:48 --> Session: Class initialized using 'CodeIgniter\Session\Handlers\FileHandler' driver.
DEBUG - 2026-04-06 20:08:36 --> Session: Class initialized using 'CodeIgniter\Session\Handlers\FileHandler' driver.
DEBUG - 2026-04-06 20:08:54 --> Session: Class initialized using 'CodeIgniter\Session\Handlers\FileHandler' driver.
DEBUG - 2026-04-06 20:09:29 --> Session: Class initialized using 'CodeIgniter\Session\Handlers\FileHandler' driver.
DEBUG - 2026-04-06 20:11:04 --> Session: Class initialized using 'CodeIgniter\Session\Handlers\FileHandler' driver.
DEBUG - 2026-04-06 20:20:36 --> Session: Class initialized using 'CodeIgniter\Session\Handlers\FileHandler' driver.
DEBUG - 2026-04-06 20:57:56 --> Session: Class initialized using 'CodeIgniter\Session\Handlers\FileHandler' driver.
DEBUG - 2026-04-06 20:58:17 --> Session: Class initialized using 'CodeIgniter\Session\Handlers\FileHandler' driver.
DEBUG - 2026-04-06 20:58:19 --> Session: Class initialized using 'CodeIgniter\Session\Handlers\FileHandler' driver.
DEBUG - 2026-04-06 20:58:22 --> Session: Class initialized using 'CodeIgniter\Session\Handlers\FileHandler' driver.
DEBUG - 2026-04-06 20:58:25 --> Session: Class initialized using 'CodeIgniter\Session\Handlers\FileHandler' driver.
DEBUG - 2026-04-06 21:01:09 --> Session: Class initialized using 'CodeIgniter\Session\Handlers\FileHandler' driver.
DEBUG - 2026-04-06 21:04:23 --> Session: Class initialized using 'CodeIgniter\Session\Handlers\FileHandler' driver.
DEBUG - 2026-04-06 21:04:46 --> Session: Class initialized using 'CodeIgniter\Session\Handlers\FileHandler' driver.
DEBUG - 2026-04-06 21:04:59 --> Session: Class initialized using 'CodeIgniter\Session\Handlers\FileHandler' driver.
DEBUG - 2026-04-06 21:05:19 --> Session: Class initialized using 'CodeIgniter\Session\Handlers\FileHandler' driver.
DEBUG - 2026-04-06 21:05:32 --> Session: Class initialized using 'CodeIgniter\Session\Handlers\FileHandler' driver.
DEBUG - 2026-04-06 21:05:46 --> Session: Class initialized using 'CodeIgniter\Session\Handlers\FileHandler' driver.
DEBUG - 2026-04-06 21:06:09 --> Session: Class initialized using 'CodeIgniter\Session\Handlers\FileHandler' driver.
DEBUG - 2026-04-06 21:06:13 --> Session: Class initialized using 'CodeIgniter\Session\Handlers\FileHandler' driver.
DEBUG - 2026-04-06 21:06:21 --> Session: Class initialized using 'CodeIgniter\Session\Handlers\FileHandler' driver.
DEBUG - 2026-04-06 21:06:27 --> Session: Class initialized using 'CodeIgniter\Session\Handlers\FileHandler' driver.
DEBUG - 2026-04-06 21:06:44 --> Session: Class initialized using 'CodeIgniter\Session\Handlers\FileHandler' driver.
DEBUG - 2026-04-06 21:12:49 --> Session: Class initialized using 'CodeIgniter\Session\Handlers\FileHandler' driver.
DEBUG - 2026-04-06 21:13:17 --> Session: Class initialized using 'CodeIgniter\Session\Handlers\FileHandler' driver.
DEBUG - 2026-04-06 21:13:53 --> Session: Class initialized using 'CodeIgniter\Session\Handlers\FileHandler' driver.
CRITICAL - 2026-04-06 21:16:08 --> TypeError: Cannot access offset of type string on string
[Method: GET, Route: quienes-somos]
in APPPATH\Views\quienes-somos.php on line 19.
 1 SYSTEMPATH\View\View.php(240): include()
 2 SYSTEMPATH\View\View.php(243): CodeIgniter\View\View->CodeIgniter\View\{closure}()
 3 SYSTEMPATH\Common.php(1250): CodeIgniter\View\View->render('quienes-somos.php', [], true)
 4 APPPATH\Controllers\QSController.php(20): view('quienes-somos.php', [...])
 5 SYSTEMPATH\CodeIgniter.php(951): App\Controllers\QSController->index()
 6 SYSTEMPATH\CodeIgniter.php(497): CodeIgniter\CodeIgniter->runController(Object(App\Controllers\QSController))
 7 SYSTEMPATH\CodeIgniter.php(340): CodeIgniter\CodeIgniter->handleRequest(null, Object(Config\Cache), false)
 8 SYSTEMPATH\Boot.php(417): CodeIgniter\CodeIgniter->run()
 9 SYSTEMPATH\Boot.php(68): CodeIgniter\Boot::runCodeIgniter(Object(CodeIgniter\CodeIgniter))
10 FCPATH\index.php(59): CodeIgniter\Boot::bootWeb(Object(Config\Paths))
11 SYSTEMPATH\rewrite.php(44): require_once('C:\\Users\\Damian\\Desktop\\CMM_Consultoria\\Respaldo web CMM\\CMM-WEB(CI4)\\public\\index.php')
DEBUG - 2026-04-06 21:17:46 --> Session: Class initialized using 'CodeIgniter\Session\Handlers\FileHandler' driver.
DEBUG - 2026-04-06 21:19:06 --> Session: Class initialized using 'CodeIgniter\Session\Handlers\FileHandler' driver.
DEBUG - 2026-04-06 21:19:47 --> Session: Class initialized using 'CodeIgniter\Session\Handlers\FileHandler' driver.
DEBUG - 2026-04-06 21:20:14 --> Session: Class initialized using 'CodeIgniter\Session\Handlers\FileHandler' driver.
DEBUG - 2026-04-06 22:19:44 --> Session: Class initialized using 'CodeIgniter\Session\Handlers\FileHandler' driver.
DEBUG - 2026-04-06 22:21:18 --> Session: Class initialized using 'CodeIgniter\Session\Handlers\FileHandler' driver.
DEBUG - 2026-04-06 22:22:10 --> Session: Class initialized using 'CodeIgniter\Session\Handlers\FileHandler' driver.
DEBUG - 2026-04-06 22:22:29 --> Session: Class initialized using 'CodeIgniter\Session\Handlers\FileHandler' driver.
DEBUG - 2026-04-06 22:27:49 --> Session: Class initialized using 'CodeIgniter\Session\Handlers\FileHandler' driver.
DEBUG - 2026-04-06 22:28:15 --> Session: Class initialized using 'CodeIgniter\Session\Handlers\FileHandler' driver.
CRITICAL - 2026-04-06 22:36:25 --> ErrorException: Undefined variable $route
[Method: GET, Route: quienes-somos]
in APPPATH\Config\Routes.php on line 10.
 1 APPPATH\Config\Routes.php(10): CodeIgniter\Debug\Exceptions->errorHandler(2, 'Undefined variable $route', 'C:\\Users\\Damian\\Desktop\\CMM_Consultoria\\Respaldo web CMM\\CMM-WEB(CI4)\\app\\Config\\Routes.php', 10)
 2 SYSTEMPATH\Router\RouteCollection.php(339): require('C:\\Users\\Damian\\Desktop\\CMM_Consultoria\\Respaldo web CMM\\CMM-WEB(CI4)\\app\\Config\\Routes.php')
 3 SYSTEMPATH\CodeIgniter.php(818): CodeIgniter\Router\RouteCollection->loadRoutes()
 4 SYSTEMPATH\CodeIgniter.php(441): CodeIgniter\CodeIgniter->tryToRouteIt(null)
 5 SYSTEMPATH\CodeIgniter.php(340): CodeIgniter\CodeIgniter->handleRequest(null, Object(Config\Cache), false)
 6 SYSTEMPATH\Boot.php(417): CodeIgniter\CodeIgniter->run()
 7 SYSTEMPATH\Boot.php(68): CodeIgniter\Boot::runCodeIgniter(Object(CodeIgniter\CodeIgniter))
 8 FCPATH\index.php(59): CodeIgniter\Boot::bootWeb(Object(Config\Paths))
 9 SYSTEMPATH\rewrite.php(44): require_once('C:\\Users\\Damian\\Desktop\\CMM_Consultoria\\Respaldo web CMM\\CMM-WEB(CI4)\\public\\index.php')
CRITICAL - 2026-04-06 22:38:15 --> ErrorException: Undefined variable $route
[Method: GET, Route: quienes-somos]
in APPPATH\Config\Routes.php on line 10.
 1 APPPATH\Config\Routes.php(10): CodeIgniter\Debug\Exceptions->errorHandler(2, 'Undefined variable $route', 'C:\\Users\\Damian\\Desktop\\CMM_Consultoria\\Respaldo web CMM\\CMM-WEB(CI4)\\app\\Config\\Routes.php', 10)
 2 SYSTEMPATH\Router\RouteCollection.php(339): require('C:\\Users\\Damian\\Desktop\\CMM_Consultoria\\Respaldo web CMM\\CMM-WEB(CI4)\\app\\Config\\Routes.php')
 3 SYSTEMPATH\CodeIgniter.php(818): CodeIgniter\Router\RouteCollection->loadRoutes()
 4 SYSTEMPATH\CodeIgniter.php(441): CodeIgniter\CodeIgniter->tryToRouteIt(null)
 5 SYSTEMPATH\CodeIgniter.php(340): CodeIgniter\CodeIgniter->handleRequest(null, Object(Config\Cache), false)
 6 SYSTEMPATH\Boot.php(417): CodeIgniter\CodeIgniter->run()
 7 SYSTEMPATH\Boot.php(68): CodeIgniter\Boot::runCodeIgniter(Object(CodeIgniter\CodeIgniter))
 8 FCPATH\index.php(59): CodeIgniter\Boot::bootWeb(Object(Config\Paths))
 9 SYSTEMPATH\rewrite.php(44): require_once('C:\\Users\\Damian\\Desktop\\CMM_Consultoria\\Respaldo web CMM\\CMM-WEB(CI4)\\public\\index.php')
CRITICAL - 2026-04-06 22:38:17 --> ErrorException: Undefined variable $route
[Method: GET, Route: quienes-somos]
in APPPATH\Config\Routes.php on line 10.
 1 APPPATH\Config\Routes.php(10): CodeIgniter\Debug\Exceptions->errorHandler(2, 'Undefined variable $route', 'C:\\Users\\Damian\\Desktop\\CMM_Consultoria\\Respaldo web CMM\\CMM-WEB(CI4)\\app\\Config\\Routes.php', 10)
 2 SYSTEMPATH\Router\RouteCollection.php(339): require('C:\\Users\\Damian\\Desktop\\CMM_Consultoria\\Respaldo web CMM\\CMM-WEB(CI4)\\app\\Config\\Routes.php')
 3 SYSTEMPATH\CodeIgniter.php(818): CodeIgniter\Router\RouteCollection->loadRoutes()
 4 SYSTEMPATH\CodeIgniter.php(441): CodeIgniter\CodeIgniter->tryToRouteIt(null)
 5 SYSTEMPATH\CodeIgniter.php(340): CodeIgniter\CodeIgniter->handleRequest(null, Object(Config\Cache), false)
 6 SYSTEMPATH\Boot.php(417): CodeIgniter\CodeIgniter->run()
 7 SYSTEMPATH\Boot.php(68): CodeIgniter\Boot::runCodeIgniter(Object(CodeIgniter\CodeIgniter))
 8 FCPATH\index.php(59): CodeIgniter\Boot::bootWeb(Object(Config\Paths))
 9 SYSTEMPATH\rewrite.php(44): require_once('C:\\Users\\Damian\\Desktop\\CMM_Consultoria\\Respaldo web CMM\\CMM-WEB(CI4)\\public\\index.php')
CRITICAL - 2026-04-06 22:55:31 --> ErrorException: Undefined variable $route
[Method: GET, Route: /]
in APPPATH\Config\Routes.php on line 10.
 1 APPPATH\Config\Routes.php(10): CodeIgniter\Debug\Exceptions->errorHandler(2, 'Undefined variable $route', 'C:\\Users\\Damian\\Desktop\\CMM_Consultoria\\Respaldo web CMM\\CMM-WEB(CI4)\\app\\Config\\Routes.php', 10)
 2 SYSTEMPATH\Router\RouteCollection.php(339): require('C:\\Users\\Damian\\Desktop\\CMM_Consultoria\\Respaldo web CMM\\CMM-WEB(CI4)\\app\\Config\\Routes.php')
 3 SYSTEMPATH\CodeIgniter.php(818): CodeIgniter\Router\RouteCollection->loadRoutes()
 4 SYSTEMPATH\CodeIgniter.php(441): CodeIgniter\CodeIgniter->tryToRouteIt(null)
 5 SYSTEMPATH\CodeIgniter.php(340): CodeIgniter\CodeIgniter->handleRequest(null, Object(Config\Cache), false)
 6 SYSTEMPATH\Boot.php(417): CodeIgniter\CodeIgniter->run()
 7 SYSTEMPATH\Boot.php(68): CodeIgniter\Boot::runCodeIgniter(Object(CodeIgniter\CodeIgniter))
 8 FCPATH\index.php(59): CodeIgniter\Boot::bootWeb(Object(Config\Paths))
 9 SYSTEMPATH\rewrite.php(44): require_once('C:\\Users\\Damian\\Desktop\\CMM_Consultoria\\Respaldo web CMM\\CMM-WEB(CI4)\\public\\index.php')
DEBUG - 2026-04-06 22:56:36 --> Session: Class initialized using 'CodeIgniter\Session\Handlers\FileHandler' driver.
DEBUG - 2026-04-06 22:56:40 --> Session: Class initialized using 'CodeIgniter\Session\Handlers\FileHandler' driver.
DEBUG - 2026-04-06 23:00:07 --> Session: Class initialized using 'CodeIgniter\Session\Handlers\FileHandler' driver.
DEBUG - 2026-04-06 23:00:37 --> Session: Class initialized using 'CodeIgniter\Session\Handlers\FileHandler' driver.
DEBUG - 2026-04-06 23:00:44 --> Session: Class initialized using 'CodeIgniter\Session\Handlers\FileHandler' driver.
DEBUG - 2026-04-06 23:01:20 --> Session: Class initialized using 'CodeIgniter\Session\Handlers\FileHandler' driver.
CRITICAL - 2026-04-06 23:03:27 --> ErrorException: Undefined variable $colab
[Method: GET, Route: nuestro-equipo]
in APPPATH\Views\equipo.php on line 7.
 1 APPPATH\Views\equipo.php(7): CodeIgniter\Debug\Exceptions->errorHandler(2, 'Undefined variable $colab', 'C:\\Users\\Damian\\Desktop\\CMM_Consultoria\\Respaldo web CMM\\CMM-WEB(CI4)\\app\\Views\\equipo.php', 7)
 2 SYSTEMPATH\View\View.php(240): include('C:\\Users\\Damian\\Desktop\\CMM_Consultoria\\Respaldo web CMM\\CMM-WEB(CI4)\\app\\Views\\equipo.php')
 3 SYSTEMPATH\View\View.php(243): CodeIgniter\View\View->CodeIgniter\View\{closure}()
 4 SYSTEMPATH\Common.php(1250): CodeIgniter\View\View->render('equipo', [], true)
 5 APPPATH\Controllers\EquipoController.php(18): view('equipo', [...])
 6 SYSTEMPATH\CodeIgniter.php(951): App\Controllers\EquipoController->index()
 7 SYSTEMPATH\CodeIgniter.php(497): CodeIgniter\CodeIgniter->runController(Object(App\Controllers\EquipoController))
 8 SYSTEMPATH\CodeIgniter.php(340): CodeIgniter\CodeIgniter->handleRequest(null, Object(Config\Cache), false)
 9 SYSTEMPATH\Boot.php(417): CodeIgniter\CodeIgniter->run()
10 SYSTEMPATH\Boot.php(68): CodeIgniter\Boot::runCodeIgniter(Object(CodeIgniter\CodeIgniter))
11 FCPATH\index.php(59): CodeIgniter\Boot::bootWeb(Object(Config\Paths))
12 SYSTEMPATH\rewrite.php(44): require_once('C:\\Users\\Damian\\Desktop\\CMM_Consultoria\\Respaldo web CMM\\CMM-WEB(CI4)\\public\\index.php')
DEBUG - 2026-04-06 23:03:41 --> Session: Class initialized using 'CodeIgniter\Session\Handlers\FileHandler' driver.
DEBUG - 2026-04-06 23:04:18 --> Session: Class initialized using 'CodeIgniter\Session\Handlers\FileHandler' driver.
DEBUG - 2026-04-06 23:04:50 --> Session: Class initialized using 'CodeIgniter\Session\Handlers\FileHandler' driver.
CRITICAL - 2026-04-06 23:06:08 --> Error: Call to undefined function word_limiter()
[Method: GET, Route: nuestro-equipo]
in APPPATH\Views\equipo.php on line 22.
 1 SYSTEMPATH\View\View.php(240): include()
 2 SYSTEMPATH\View\View.php(243): CodeIgniter\View\View->CodeIgniter\View\{closure}()
 3 SYSTEMPATH\Common.php(1250): CodeIgniter\View\View->render('equipo', [], true)
 4 APPPATH\Controllers\EquipoController.php(18): view('equipo', [...])
 5 SYSTEMPATH\CodeIgniter.php(951): App\Controllers\EquipoController->index()
 6 SYSTEMPATH\CodeIgniter.php(497): CodeIgniter\CodeIgniter->runController(Object(App\Controllers\EquipoController))
 7 SYSTEMPATH\CodeIgniter.php(340): CodeIgniter\CodeIgniter->handleRequest(null, Object(Config\Cache), false)
 8 SYSTEMPATH\Boot.php(417): CodeIgniter\CodeIgniter->run()
 9 SYSTEMPATH\Boot.php(68): CodeIgniter\Boot::runCodeIgniter(Object(CodeIgniter\CodeIgniter))
10 FCPATH\index.php(59): CodeIgniter\Boot::bootWeb(Object(Config\Paths))
11 SYSTEMPATH\rewrite.php(44): require_once('C:\\Users\\Damian\\Desktop\\CMM_Consultoria\\Respaldo web CMM\\CMM-WEB(CI4)\\public\\index.php')
CRITICAL - 2026-04-06 23:07:01 --> Error: Call to undefined function word_limiter()
[Method: GET, Route: nuestro-equipo]
in APPPATH\Views\equipo.php on line 22.
 1 SYSTEMPATH\View\View.php(240): include()
 2 SYSTEMPATH\View\View.php(243): CodeIgniter\View\View->CodeIgniter\View\{closure}()
 3 SYSTEMPATH\Common.php(1250): CodeIgniter\View\View->render('equipo', [], true)
 4 APPPATH\Controllers\EquipoController.php(18): view('equipo', [...])
 5 SYSTEMPATH\CodeIgniter.php(951): App\Controllers\EquipoController->index()
 6 SYSTEMPATH\CodeIgniter.php(497): CodeIgniter\CodeIgniter->runController(Object(App\Controllers\EquipoController))
 7 SYSTEMPATH\CodeIgniter.php(340): CodeIgniter\CodeIgniter->handleRequest(null, Object(Config\Cache), false)
 8 SYSTEMPATH\Boot.php(417): CodeIgniter\CodeIgniter->run()
 9 SYSTEMPATH\Boot.php(68): CodeIgniter\Boot::runCodeIgniter(Object(CodeIgniter\CodeIgniter))
10 FCPATH\index.php(59): CodeIgniter\Boot::bootWeb(Object(Config\Paths))
11 SYSTEMPATH\rewrite.php(44): require_once('C:\\Users\\Damian\\Desktop\\CMM_Consultoria\\Respaldo web CMM\\CMM-WEB(CI4)\\public\\index.php')
DEBUG - 2026-04-06 23:07:18 --> Session: Class initialized using 'CodeIgniter\Session\Handlers\FileHandler' driver.
DEBUG - 2026-04-06 23:08:05 --> Session: Class initialized using 'CodeIgniter\Session\Handlers\FileHandler' driver.
DEBUG - 2026-04-06 23:08:42 --> Session: Class initialized using 'CodeIgniter\Session\Handlers\FileHandler' driver.
ERROR - 2026-04-06 23:15:24 --> pg_query(): Query failed: ERROR:  relation &quot;cargo&quot; does not exist
LINE 3: JOIN &quot;cargo&quot; ON &quot;colaboradores&quot;.&quot;id_cargo&quot; = &quot;cargo&quot;.&quot;id&quot;
             ^
in SYSTEMPATH\Database\Postgre\Connection.php on line 200.
 1 SYSTEMPATH\Database\BaseConnection.php(910): CodeIgniter\Database\Postgre\Connection->execute('SELECT "*colaboradores".*, "cargo"."nombre" as "cargo"
FROM "colaboradores"
JOIN "cargo" ON "colaboradores"."id_cargo" = "cargo"."id"')
 2 SYSTEMPATH\Database\BaseConnection.php(827): CodeIgniter\Database\BaseConnection->simpleQuery('SELECT "*colaboradores".*, "cargo"."nombre" as "cargo"
FROM "colaboradores"
JOIN "cargo" ON "colaboradores"."id_cargo" = "cargo"."id"')
 3 SYSTEMPATH\Database\BaseBuilder.php(1649): CodeIgniter\Database\BaseConnection->query('SELECT "*colaboradores".*, "cargo"."nombre" as "cargo"
FROM "colaboradores"
JOIN "cargo" ON "colaboradores"."id_cargo" = "cargo"."id"', [], false)
 4 APPPATH\Controllers\EquipoController.php(16): CodeIgniter\Database\BaseBuilder->get()
 5 SYSTEMPATH\CodeIgniter.php(951): App\Controllers\EquipoController->index()
 6 SYSTEMPATH\CodeIgniter.php(497): CodeIgniter\CodeIgniter->runController(Object(App\Controllers\EquipoController))
 7 SYSTEMPATH\CodeIgniter.php(340): CodeIgniter\CodeIgniter->handleRequest(null, Object(Config\Cache), false)
 8 SYSTEMPATH\Boot.php(417): CodeIgniter\CodeIgniter->run()
 9 SYSTEMPATH\Boot.php(68): CodeIgniter\Boot::runCodeIgniter(Object(CodeIgniter\CodeIgniter))
10 FCPATH\index.php(59): CodeIgniter\Boot::bootWeb(Object(Config\Paths))
11 SYSTEMPATH\rewrite.php(44): require_once('C:\\Users\\Damian\\Desktop\\CMM_Consultoria\\Respaldo web CMM\\CMM-WEB(CI4)\\public\\index.php')
CRITICAL - 2026-04-06 23:15:24 --> CodeIgniter\Database\Exceptions\DatabaseException: pg_query(): Query failed: ERROR:  relation &quot;cargo&quot; does not exist
LINE 3: JOIN &quot;cargo&quot; ON &quot;colaboradores&quot;.&quot;id_cargo&quot; = &quot;cargo&quot;.&quot;id&quot;
             ^
[Method: GET, Route: nuestro-equipo]
in SYSTEMPATH\Database\BaseConnection.php on line 865.
 1 SYSTEMPATH\Database\BaseBuilder.php(1649): CodeIgniter\Database\BaseConnection->query('SELECT "*colaboradores".*, "cargo"."nombre" as "cargo"
FROM "colaboradores"
JOIN "cargo" ON "colaboradores"."id_cargo" = "cargo"."id"', [], false)
 2 APPPATH\Controllers\EquipoController.php(16): CodeIgniter\Database\BaseBuilder->get()
 3 SYSTEMPATH\CodeIgniter.php(951): App\Controllers\EquipoController->index()
 4 SYSTEMPATH\CodeIgniter.php(497): CodeIgniter\CodeIgniter->runController(Object(App\Controllers\EquipoController))
 5 SYSTEMPATH\CodeIgniter.php(340): CodeIgniter\CodeIgniter->handleRequest(null, Object(Config\Cache), false)
 6 SYSTEMPATH\Boot.php(417): CodeIgniter\CodeIgniter->run()
 7 SYSTEMPATH\Boot.php(68): CodeIgniter\Boot::runCodeIgniter(Object(CodeIgniter\CodeIgniter))
 8 FCPATH\index.php(59): CodeIgniter\Boot::bootWeb(Object(Config\Paths))
 9 SYSTEMPATH\rewrite.php(44): require_once('C:\\Users\\Damian\\Desktop\\CMM_Consultoria\\Respaldo web CMM\\CMM-WEB(CI4)\\public\\index.php')
CRITICAL - 2026-04-06 23:15:24 --> [Caused by] CodeIgniter\Database\Exceptions\DatabaseException: pg_query(): Query failed: ERROR:  relation &quot;cargo&quot; does not exist
LINE 3: JOIN &quot;cargo&quot; ON &quot;colaboradores&quot;.&quot;id_cargo&quot; = &quot;cargo&quot;.&quot;id&quot;
             ^
in SYSTEMPATH\Database\Postgre\Connection.php on line 212.
 1 SYSTEMPATH\Database\BaseConnection.php(910): CodeIgniter\Database\Postgre\Connection->execute('SELECT "*colaboradores".*, "cargo"."nombre" as "cargo"
FROM "colaboradores"
JOIN "cargo" ON "colaboradores"."id_cargo" = "cargo"."id"')
 2 SYSTEMPATH\Database\BaseConnection.php(827): CodeIgniter\Database\BaseConnection->simpleQuery('SELECT "*colaboradores".*, "cargo"."nombre" as "cargo"
FROM "colaboradores"
JOIN "cargo" ON "colaboradores"."id_cargo" = "cargo"."id"')
 3 SYSTEMPATH\Database\BaseBuilder.php(1649): CodeIgniter\Database\BaseConnection->query('SELECT "*colaboradores".*, "cargo"."nombre" as "cargo"
FROM "colaboradores"
JOIN "cargo" ON "colaboradores"."id_cargo" = "cargo"."id"', [], false)
 4 APPPATH\Controllers\EquipoController.php(16): CodeIgniter\Database\BaseBuilder->get()
 5 SYSTEMPATH\CodeIgniter.php(951): App\Controllers\EquipoController->index()
 6 SYSTEMPATH\CodeIgniter.php(497): CodeIgniter\CodeIgniter->runController(Object(App\Controllers\EquipoController))
 7 SYSTEMPATH\CodeIgniter.php(340): CodeIgniter\CodeIgniter->handleRequest(null, Object(Config\Cache), false)
 8 SYSTEMPATH\Boot.php(417): CodeIgniter\CodeIgniter->run()
 9 SYSTEMPATH\Boot.php(68): CodeIgniter\Boot::runCodeIgniter(Object(CodeIgniter\CodeIgniter))
10 FCPATH\index.php(59): CodeIgniter\Boot::bootWeb(Object(Config\Paths))
11 SYSTEMPATH\rewrite.php(44): require_once('C:\\Users\\Damian\\Desktop\\CMM_Consultoria\\Respaldo web CMM\\CMM-WEB(CI4)\\public\\index.php')
CRITICAL - 2026-04-06 23:15:24 --> [Caused by] ErrorException: pg_query(): Query failed: ERROR:  relation &quot;cargo&quot; does not exist
LINE 3: JOIN &quot;cargo&quot; ON &quot;colaboradores&quot;.&quot;id_cargo&quot; = &quot;cargo&quot;.&quot;id&quot;
             ^
in SYSTEMPATH\Database\Postgre\Connection.php on line 200.
 1 [internal function]: CodeIgniter\Debug\Exceptions->errorHandler(2, 'pg_query(): Query failed: ERROR:  relation &quot;cargo&quot; does not exist
LINE 3: JOIN &quot;cargo&quot; ON &quot;colaboradores&quot;.&quot;id_cargo&quot; = &quot;cargo&quot;.&quot;id&quot;
             ^', 'C:\\Users\\Damian\\Desktop\\CMM_Consultoria\\Respaldo web CMM\\CMM-WEB(CI4)\\vendor\\codeigniter4\\framework\\system\\Database\\Postgre\\Connection.php', 200)
 2 SYSTEMPATH\Database\Postgre\Connection.php(200): pg_query(Object(PgSql\Connection), 'SELECT "*colaboradores".*, "cargo"."nombre" as "cargo"
FROM "colaboradores"
JOIN "cargo" ON "colaboradores"."id_cargo" = "cargo"."id"')
 3 SYSTEMPATH\Database\BaseConnection.php(910): CodeIgniter\Database\Postgre\Connection->execute('SELECT "*colaboradores".*, "cargo"."nombre" as "cargo"
FROM "colaboradores"
JOIN "cargo" ON "colaboradores"."id_cargo" = "cargo"."id"')
 4 SYSTEMPATH\Database\BaseConnection.php(827): CodeIgniter\Database\BaseConnection->simpleQuery('SELECT "*colaboradores".*, "cargo"."nombre" as "cargo"
FROM "colaboradores"
JOIN "cargo" ON "colaboradores"."id_cargo" = "cargo"."id"')
 5 SYSTEMPATH\Database\BaseBuilder.php(1649): CodeIgniter\Database\BaseConnection->query('SELECT "*colaboradores".*, "cargo"."nombre" as "cargo"
FROM "colaboradores"
JOIN "cargo" ON "colaboradores"."id_cargo" = "cargo"."id"', [], false)
 6 APPPATH\Controllers\EquipoController.php(16): CodeIgniter\Database\BaseBuilder->get()
 7 SYSTEMPATH\CodeIgniter.php(951): App\Controllers\EquipoController->index()
 8 SYSTEMPATH\CodeIgniter.php(497): CodeIgniter\CodeIgniter->runController(Object(App\Controllers\EquipoController))
 9 SYSTEMPATH\CodeIgniter.php(340): CodeIgniter\CodeIgniter->handleRequest(null, Object(Config\Cache), false)
10 SYSTEMPATH\Boot.php(417): CodeIgniter\CodeIgniter->run()
11 SYSTEMPATH\Boot.php(68): CodeIgniter\Boot::runCodeIgniter(Object(CodeIgniter\CodeIgniter))
12 FCPATH\index.php(59): CodeIgniter\Boot::bootWeb(Object(Config\Paths))
13 SYSTEMPATH\rewrite.php(44): require_once('C:\\Users\\Damian\\Desktop\\CMM_Consultoria\\Respaldo web CMM\\CMM-WEB(CI4)\\public\\index.php')
ERROR - 2026-04-06 23:16:10 --> pg_query(): Query failed: ERROR:  missing FROM-clause entry for table &quot;cargoa&quot;
LINE 3: JOIN &quot;cargos&quot; ON &quot;colaboradores&quot;.&quot;id_cargo&quot; = &quot;cargoa&quot;.&quot;id&quot;
                                                      ^
in SYSTEMPATH\Database\Postgre\Connection.php on line 200.
 1 SYSTEMPATH\Database\BaseConnection.php(910): CodeIgniter\Database\Postgre\Connection->execute('SELECT "*colaboradores".*, "cargoa"."nombre" as "cargo"
FROM "colaboradores"
JOIN "cargos" ON "colaboradores"."id_cargo" = "cargoa"."id"')
 2 SYSTEMPATH\Database\BaseConnection.php(827): CodeIgniter\Database\BaseConnection->simpleQuery('SELECT "*colaboradores".*, "cargoa"."nombre" as "cargo"
FROM "colaboradores"
JOIN "cargos" ON "colaboradores"."id_cargo" = "cargoa"."id"')
 3 SYSTEMPATH\Database\BaseBuilder.php(1649): CodeIgniter\Database\BaseConnection->query('SELECT "*colaboradores".*, "cargoa"."nombre" as "cargo"
FROM "colaboradores"
JOIN "cargos" ON "colaboradores"."id_cargo" = "cargoa"."id"', [], false)
 4 APPPATH\Controllers\EquipoController.php(16): CodeIgniter\Database\BaseBuilder->get()
 5 SYSTEMPATH\CodeIgniter.php(951): App\Controllers\EquipoController->index()
 6 SYSTEMPATH\CodeIgniter.php(497): CodeIgniter\CodeIgniter->runController(Object(App\Controllers\EquipoController))
 7 SYSTEMPATH\CodeIgniter.php(340): CodeIgniter\CodeIgniter->handleRequest(null, Object(Config\Cache), false)
 8 SYSTEMPATH\Boot.php(417): CodeIgniter\CodeIgniter->run()
 9 SYSTEMPATH\Boot.php(68): CodeIgniter\Boot::runCodeIgniter(Object(CodeIgniter\CodeIgniter))
10 FCPATH\index.php(59): CodeIgniter\Boot::bootWeb(Object(Config\Paths))
11 SYSTEMPATH\rewrite.php(44): require_once('C:\\Users\\Damian\\Desktop\\CMM_Consultoria\\Respaldo web CMM\\CMM-WEB(CI4)\\public\\index.php')
CRITICAL - 2026-04-06 23:16:10 --> CodeIgniter\Database\Exceptions\DatabaseException: pg_query(): Query failed: ERROR:  missing FROM-clause entry for table &quot;cargoa&quot;
LINE 3: JOIN &quot;cargos&quot; ON &quot;colaboradores&quot;.&quot;id_cargo&quot; = &quot;cargoa&quot;.&quot;id&quot;
                                                      ^
[Method: GET, Route: nuestro-equipo]
in SYSTEMPATH\Database\BaseConnection.php on line 865.
 1 SYSTEMPATH\Database\BaseBuilder.php(1649): CodeIgniter\Database\BaseConnection->query('SELECT "*colaboradores".*, "cargoa"."nombre" as "cargo"
FROM "colaboradores"
JOIN "cargos" ON "colaboradores"."id_cargo" = "cargoa"."id"', [], false)
 2 APPPATH\Controllers\EquipoController.php(16): CodeIgniter\Database\BaseBuilder->get()
 3 SYSTEMPATH\CodeIgniter.php(951): App\Controllers\EquipoController->index()
 4 SYSTEMPATH\CodeIgniter.php(497): CodeIgniter\CodeIgniter->runController(Object(App\Controllers\EquipoController))
 5 SYSTEMPATH\CodeIgniter.php(340): CodeIgniter\CodeIgniter->handleRequest(null, Object(Config\Cache), false)
 6 SYSTEMPATH\Boot.php(417): CodeIgniter\CodeIgniter->run()
 7 SYSTEMPATH\Boot.php(68): CodeIgniter\Boot::runCodeIgniter(Object(CodeIgniter\CodeIgniter))
 8 FCPATH\index.php(59): CodeIgniter\Boot::bootWeb(Object(Config\Paths))
 9 SYSTEMPATH\rewrite.php(44): require_once('C:\\Users\\Damian\\Desktop\\CMM_Consultoria\\Respaldo web CMM\\CMM-WEB(CI4)\\public\\index.php')
CRITICAL - 2026-04-06 23:16:10 --> [Caused by] CodeIgniter\Database\Exceptions\DatabaseException: pg_query(): Query failed: ERROR:  missing FROM-clause entry for table &quot;cargoa&quot;
LINE 3: JOIN &quot;cargos&quot; ON &quot;colaboradores&quot;.&quot;id_cargo&quot; = &quot;cargoa&quot;.&quot;id&quot;
                                                      ^
in SYSTEMPATH\Database\Postgre\Connection.php on line 212.
 1 SYSTEMPATH\Database\BaseConnection.php(910): CodeIgniter\Database\Postgre\Connection->execute('SELECT "*colaboradores".*, "cargoa"."nombre" as "cargo"
FROM "colaboradores"
JOIN "cargos" ON "colaboradores"."id_cargo" = "cargoa"."id"')
 2 SYSTEMPATH\Database\BaseConnection.php(827): CodeIgniter\Database\BaseConnection->simpleQuery('SELECT "*colaboradores".*, "cargoa"."nombre" as "cargo"
FROM "colaboradores"
JOIN "cargos" ON "colaboradores"."id_cargo" = "cargoa"."id"')
 3 SYSTEMPATH\Database\BaseBuilder.php(1649): CodeIgniter\Database\BaseConnection->query('SELECT "*colaboradores".*, "cargoa"."nombre" as "cargo"
FROM "colaboradores"
JOIN "cargos" ON "colaboradores"."id_cargo" = "cargoa"."id"', [], false)
 4 APPPATH\Controllers\EquipoController.php(16): CodeIgniter\Database\BaseBuilder->get()
 5 SYSTEMPATH\CodeIgniter.php(951): App\Controllers\EquipoController->index()
 6 SYSTEMPATH\CodeIgniter.php(497): CodeIgniter\CodeIgniter->runController(Object(App\Controllers\EquipoController))
 7 SYSTEMPATH\CodeIgniter.php(340): CodeIgniter\CodeIgniter->handleRequest(null, Object(Config\Cache), false)
 8 SYSTEMPATH\Boot.php(417): CodeIgniter\CodeIgniter->run()
 9 SYSTEMPATH\Boot.php(68): CodeIgniter\Boot::runCodeIgniter(Object(CodeIgniter\CodeIgniter))
10 FCPATH\index.php(59): CodeIgniter\Boot::bootWeb(Object(Config\Paths))
11 SYSTEMPATH\rewrite.php(44): require_once('C:\\Users\\Damian\\Desktop\\CMM_Consultoria\\Respaldo web CMM\\CMM-WEB(CI4)\\public\\index.php')
CRITICAL - 2026-04-06 23:16:10 --> [Caused by] ErrorException: pg_query(): Query failed: ERROR:  missing FROM-clause entry for table &quot;cargoa&quot;
LINE 3: JOIN &quot;cargos&quot; ON &quot;colaboradores&quot;.&quot;id_cargo&quot; = &quot;cargoa&quot;.&quot;id&quot;
                                                      ^
in SYSTEMPATH\Database\Postgre\Connection.php on line 200.
 1 [internal function]: CodeIgniter\Debug\Exceptions->errorHandler(2, 'pg_query(): Query failed: ERROR:  missing FROM-clause entry for table &quot;cargoa&quot;
LINE 3: JOIN &quot;cargos&quot; ON &quot;colaboradores&quot;.&quot;id_cargo&quot; = &quot;cargoa&quot;.&quot;id&quot;
                                                      ^', 'C:\\Users\\Damian\\Desktop\\CMM_Consultoria\\Respaldo web CMM\\CMM-WEB(CI4)\\vendor\\codeigniter4\\framework\\system\\Database\\Postgre\\Connection.php', 200)
 2 SYSTEMPATH\Database\Postgre\Connection.php(200): pg_query(Object(PgSql\Connection), 'SELECT "*colaboradores".*, "cargoa"."nombre" as "cargo"
FROM "colaboradores"
JOIN "cargos" ON "colaboradores"."id_cargo" = "cargoa"."id"')
 3 SYSTEMPATH\Database\BaseConnection.php(910): CodeIgniter\Database\Postgre\Connection->execute('SELECT "*colaboradores".*, "cargoa"."nombre" as "cargo"
FROM "colaboradores"
JOIN "cargos" ON "colaboradores"."id_cargo" = "cargoa"."id"')
 4 SYSTEMPATH\Database\BaseConnection.php(827): CodeIgniter\Database\BaseConnection->simpleQuery('SELECT "*colaboradores".*, "cargoa"."nombre" as "cargo"
FROM "colaboradores"
JOIN "cargos" ON "colaboradores"."id_cargo" = "cargoa"."id"')
 5 SYSTEMPATH\Database\BaseBuilder.php(1649): CodeIgniter\Database\BaseConnection->query('SELECT "*colaboradores".*, "cargoa"."nombre" as "cargo"
FROM "colaboradores"
JOIN "cargos" ON "colaboradores"."id_cargo" = "cargoa"."id"', [], false)
 6 APPPATH\Controllers\EquipoController.php(16): CodeIgniter\Database\BaseBuilder->get()
 7 SYSTEMPATH\CodeIgniter.php(951): App\Controllers\EquipoController->index()
 8 SYSTEMPATH\CodeIgniter.php(497): CodeIgniter\CodeIgniter->runController(Object(App\Controllers\EquipoController))
 9 SYSTEMPATH\CodeIgniter.php(340): CodeIgniter\CodeIgniter->handleRequest(null, Object(Config\Cache), false)
10 SYSTEMPATH\Boot.php(417): CodeIgniter\CodeIgniter->run()
11 SYSTEMPATH\Boot.php(68): CodeIgniter\Boot::runCodeIgniter(Object(CodeIgniter\CodeIgniter))
12 FCPATH\index.php(59): CodeIgniter\Boot::bootWeb(Object(Config\Paths))
13 SYSTEMPATH\rewrite.php(44): require_once('C:\\Users\\Damian\\Desktop\\CMM_Consultoria\\Respaldo web CMM\\CMM-WEB(CI4)\\public\\index.php')
ERROR - 2026-04-06 23:16:36 --> pg_query(): Query failed: ERROR:  missing FROM-clause entry for table &quot;*colaboradores&quot;
LINE 1: SELECT &quot;*colaboradores&quot;.*, &quot;cargos&quot;.&quot;nombre&quot; as &quot;cargo&quot;
               ^
in SYSTEMPATH\Database\Postgre\Connection.php on line 200.
 1 SYSTEMPATH\Database\BaseConnection.php(910): CodeIgniter\Database\Postgre\Connection->execute('SELECT "*colaboradores".*, "cargos"."nombre" as "cargo"
FROM "colaboradores"
JOIN "cargos" ON "colaboradores"."id_cargo" = "cargos"."id"')
 2 SYSTEMPATH\Database\BaseConnection.php(827): CodeIgniter\Database\BaseConnection->simpleQuery('SELECT "*colaboradores".*, "cargos"."nombre" as "cargo"
FROM "colaboradores"
JOIN "cargos" ON "colaboradores"."id_cargo" = "cargos"."id"')
 3 SYSTEMPATH\Database\BaseBuilder.php(1649): CodeIgniter\Database\BaseConnection->query('SELECT "*colaboradores".*, "cargos"."nombre" as "cargo"
FROM "colaboradores"
JOIN "cargos" ON "colaboradores"."id_cargo" = "cargos"."id"', [], false)
 4 APPPATH\Controllers\EquipoController.php(16): CodeIgniter\Database\BaseBuilder->get()
 5 SYSTEMPATH\CodeIgniter.php(951): App\Controllers\EquipoController->index()
 6 SYSTEMPATH\CodeIgniter.php(497): CodeIgniter\CodeIgniter->runController(Object(App\Controllers\EquipoController))
 7 SYSTEMPATH\CodeIgniter.php(340): CodeIgniter\CodeIgniter->handleRequest(null, Object(Config\Cache), false)
 8 SYSTEMPATH\Boot.php(417): CodeIgniter\CodeIgniter->run()
 9 SYSTEMPATH\Boot.php(68): CodeIgniter\Boot::runCodeIgniter(Object(CodeIgniter\CodeIgniter))
10 FCPATH\index.php(59): CodeIgniter\Boot::bootWeb(Object(Config\Paths))
11 SYSTEMPATH\rewrite.php(44): require_once('C:\\Users\\Damian\\Desktop\\CMM_Consultoria\\Respaldo web CMM\\CMM-WEB(CI4)\\public\\index.php')
CRITICAL - 2026-04-06 23:16:36 --> CodeIgniter\Database\Exceptions\DatabaseException: pg_query(): Query failed: ERROR:  missing FROM-clause entry for table &quot;*colaboradores&quot;
LINE 1: SELECT &quot;*colaboradores&quot;.*, &quot;cargos&quot;.&quot;nombre&quot; as &quot;cargo&quot;
               ^
[Method: GET, Route: nuestro-equipo]
in SYSTEMPATH\Database\BaseConnection.php on line 865.
 1 SYSTEMPATH\Database\BaseBuilder.php(1649): CodeIgniter\Database\BaseConnection->query('SELECT "*colaboradores".*, "cargos"."nombre" as "cargo"
FROM "colaboradores"
JOIN "cargos" ON "colaboradores"."id_cargo" = "cargos"."id"', [], false)
 2 APPPATH\Controllers\EquipoController.php(16): CodeIgniter\Database\BaseBuilder->get()
 3 SYSTEMPATH\CodeIgniter.php(951): App\Controllers\EquipoController->index()
 4 SYSTEMPATH\CodeIgniter.php(497): CodeIgniter\CodeIgniter->runController(Object(App\Controllers\EquipoController))
 5 SYSTEMPATH\CodeIgniter.php(340): CodeIgniter\CodeIgniter->handleRequest(null, Object(Config\Cache), false)
 6 SYSTEMPATH\Boot.php(417): CodeIgniter\CodeIgniter->run()
 7 SYSTEMPATH\Boot.php(68): CodeIgniter\Boot::runCodeIgniter(Object(CodeIgniter\CodeIgniter))
 8 FCPATH\index.php(59): CodeIgniter\Boot::bootWeb(Object(Config\Paths))
 9 SYSTEMPATH\rewrite.php(44): require_once('C:\\Users\\Damian\\Desktop\\CMM_Consultoria\\Respaldo web CMM\\CMM-WEB(CI4)\\public\\index.php')
CRITICAL - 2026-04-06 23:16:36 --> [Caused by] CodeIgniter\Database\Exceptions\DatabaseException: pg_query(): Query failed: ERROR:  missing FROM-clause entry for table &quot;*colaboradores&quot;
LINE 1: SELECT &quot;*colaboradores&quot;.*, &quot;cargos&quot;.&quot;nombre&quot; as &quot;cargo&quot;
               ^
in SYSTEMPATH\Database\Postgre\Connection.php on line 212.
 1 SYSTEMPATH\Database\BaseConnection.php(910): CodeIgniter\Database\Postgre\Connection->execute('SELECT "*colaboradores".*, "cargos"."nombre" as "cargo"
FROM "colaboradores"
JOIN "cargos" ON "colaboradores"."id_cargo" = "cargos"."id"')
 2 SYSTEMPATH\Database\BaseConnection.php(827): CodeIgniter\Database\BaseConnection->simpleQuery('SELECT "*colaboradores".*, "cargos"."nombre" as "cargo"
FROM "colaboradores"
JOIN "cargos" ON "colaboradores"."id_cargo" = "cargos"."id"')
 3 SYSTEMPATH\Database\BaseBuilder.php(1649): CodeIgniter\Database\BaseConnection->query('SELECT "*colaboradores".*, "cargos"."nombre" as "cargo"
FROM "colaboradores"
JOIN "cargos" ON "colaboradores"."id_cargo" = "cargos"."id"', [], false)
 4 APPPATH\Controllers\EquipoController.php(16): CodeIgniter\Database\BaseBuilder->get()
 5 SYSTEMPATH\CodeIgniter.php(951): App\Controllers\EquipoController->index()
 6 SYSTEMPATH\CodeIgniter.php(497): CodeIgniter\CodeIgniter->runController(Object(App\Controllers\EquipoController))
 7 SYSTEMPATH\CodeIgniter.php(340): CodeIgniter\CodeIgniter->handleRequest(null, Object(Config\Cache), false)
 8 SYSTEMPATH\Boot.php(417): CodeIgniter\CodeIgniter->run()
 9 SYSTEMPATH\Boot.php(68): CodeIgniter\Boot::runCodeIgniter(Object(CodeIgniter\CodeIgniter))
10 FCPATH\index.php(59): CodeIgniter\Boot::bootWeb(Object(Config\Paths))
11 SYSTEMPATH\rewrite.php(44): require_once('C:\\Users\\Damian\\Desktop\\CMM_Consultoria\\Respaldo web CMM\\CMM-WEB(CI4)\\public\\index.php')
CRITICAL - 2026-04-06 23:16:36 --> [Caused by] ErrorException: pg_query(): Query failed: ERROR:  missing FROM-clause entry for table &quot;*colaboradores&quot;
LINE 1: SELECT &quot;*colaboradores&quot;.*, &quot;cargos&quot;.&quot;nombre&quot; as &quot;cargo&quot;
               ^
in SYSTEMPATH\Database\Postgre\Connection.php on line 200.
 1 [internal function]: CodeIgniter\Debug\Exceptions->errorHandler(2, 'pg_query(): Query failed: ERROR:  missing FROM-clause entry for table &quot;*colaboradores&quot;
LINE 1: SELECT &quot;*colaboradores&quot;.*, &quot;cargos&quot;.&quot;nombre&quot; as &quot;cargo&quot;
               ^', 'C:\\Users\\Damian\\Desktop\\CMM_Consultoria\\Respaldo web CMM\\CMM-WEB(CI4)\\vendor\\codeigniter4\\framework\\system\\Database\\Postgre\\Connection.php', 200)
 2 SYSTEMPATH\Database\Postgre\Connection.php(200): pg_query(Object(PgSql\Connection), 'SELECT "*colaboradores".*, "cargos"."nombre" as "cargo"
FROM "colaboradores"
JOIN "cargos" ON "colaboradores"."id_cargo" = "cargos"."id"')
 3 SYSTEMPATH\Database\BaseConnection.php(910): CodeIgniter\Database\Postgre\Connection->execute('SELECT "*colaboradores".*, "cargos"."nombre" as "cargo"
FROM "colaboradores"
JOIN "cargos" ON "colaboradores"."id_cargo" = "cargos"."id"')
 4 SYSTEMPATH\Database\BaseConnection.php(827): CodeIgniter\Database\BaseConnection->simpleQuery('SELECT "*colaboradores".*, "cargos"."nombre" as "cargo"
FROM "colaboradores"
JOIN "cargos" ON "colaboradores"."id_cargo" = "cargos"."id"')
 5 SYSTEMPATH\Database\BaseBuilder.php(1649): CodeIgniter\Database\BaseConnection->query('SELECT "*colaboradores".*, "cargos"."nombre" as "cargo"
FROM "colaboradores"
JOIN "cargos" ON "colaboradores"."id_cargo" = "cargos"."id"', [], false)
 6 APPPATH\Controllers\EquipoController.php(16): CodeIgniter\Database\BaseBuilder->get()
 7 SYSTEMPATH\CodeIgniter.php(951): App\Controllers\EquipoController->index()
 8 SYSTEMPATH\CodeIgniter.php(497): CodeIgniter\CodeIgniter->runController(Object(App\Controllers\EquipoController))
 9 SYSTEMPATH\CodeIgniter.php(340): CodeIgniter\CodeIgniter->handleRequest(null, Object(Config\Cache), false)
10 SYSTEMPATH\Boot.php(417): CodeIgniter\CodeIgniter->run()
11 SYSTEMPATH\Boot.php(68): CodeIgniter\Boot::runCodeIgniter(Object(CodeIgniter\CodeIgniter))
12 FCPATH\index.php(59): CodeIgniter\Boot::bootWeb(Object(Config\Paths))
13 SYSTEMPATH\rewrite.php(44): require_once('C:\\Users\\Damian\\Desktop\\CMM_Consultoria\\Respaldo web CMM\\CMM-WEB(CI4)\\public\\index.php')
DEBUG - 2026-04-06 23:17:15 --> Session: Class initialized using 'CodeIgniter\Session\Handlers\FileHandler' driver.
DEBUG - 2026-04-06 23:19:24 --> Session: Class initialized using 'CodeIgniter\Session\Handlers\FileHandler' driver.
