ERROR - 2026-04-03 16:55:13 --> Error connecting to the database: mysqli_sql_exception: No se puede establecer una conexión ya que el equipo de destino denegó expresamente dicha conexión in C:\Users\Damian\Desktop\CMM_Consultoria\Respaldo web CMM\CMM-WEB(CI4)\vendor\codeigniter4\framework\system\Database\MySQLi\Connection.php:201
Stack trace:
#0 C:\Users\Damian\Desktop\CMM_Consultoria\Respaldo web CMM\CMM-WEB(CI4)\vendor\codeigniter4\framework\system\Database\MySQLi\Connection.php(201): mysqli->real_connect('localhost', '', Object(SensitiveParameterValue), '', 3306, '', 0)
#1 C:\Users\Damian\Desktop\CMM_Consultoria\Respaldo web CMM\CMM-WEB(CI4)\vendor\codeigniter4\framework\system\Database\BaseConnection.php(555): CodeIgniter\Database\MySQLi\Connection->connect(false)
#2 C:\Users\Damian\Desktop\CMM_Consultoria\Respaldo web CMM\CMM-WEB(CI4)\vendor\codeigniter4\framework\system\Database\BaseConnection.php(795): CodeIgniter\Database\BaseConnection->initialize()
#3 C:\Users\Damian\Desktop\CMM_Consultoria\Respaldo web CMM\CMM-WEB(CI4)\vendor\codeigniter4\framework\system\Database\BaseConnection.php(1706): CodeIgniter\Database\BaseConnection->query('SHOW TABLES FRO...')
#4 C:\Users\Damian\Desktop\CMM_Consultoria\Respaldo web CMM\CMM-WEB(CI4)\vendor\codeigniter4\framework\system\Database\BaseConnection.php(1726): CodeIgniter\Database\BaseConnection->listTables()
#5 C:\Users\Damian\Desktop\CMM_Consultoria\Respaldo web CMM\CMM-WEB(CI4)\vendor\codeigniter4\framework\system\Database\MigrationRunner.php(821): CodeIgniter\Database\BaseConnection->tableExists('migrations')
#6 C:\Users\Damian\Desktop\CMM_Consultoria\Respaldo web CMM\CMM-WEB(CI4)\vendor\codeigniter4\framework\system\Database\MigrationRunner.php(173): CodeIgniter\Database\MigrationRunner->ensureTable()
#7 C:\Users\Damian\Desktop\CMM_Consultoria\Respaldo web CMM\CMM-WEB(CI4)\vendor\codeigniter4\framework\system\Commands\Database\Migrate.php(89): CodeIgniter\Database\MigrationRunner->latest(NULL)
#8 C:\Users\Damian\Desktop\CMM_Consultoria\Respaldo web CMM\CMM-WEB(CI4)\vendor\codeigniter4\framework\system\CLI\SignalTrait.php(245): CodeIgniter\Commands\Database\Migrate::CodeIgniter\Commands\Database\{closure}()
#9 C:\Users\Damian\Desktop\CMM_Consultoria\Respaldo web CMM\CMM-WEB(CI4)\vendor\codeigniter4\framework\system\Commands\Database\Migrate.php(88): CodeIgniter\Commands\Database\Migrate->withSignalsBlocked(Object(Closure))
#10 C:\Users\Damian\Desktop\CMM_Consultoria\Respaldo web CMM\CMM-WEB(CI4)\vendor\codeigniter4\shield\src\Commands\Setup.php(430): CodeIgniter\Commands\Database\Migrate->run(Array)
#11 C:\Users\Damian\Desktop\CMM_Consultoria\Respaldo web CMM\CMM-WEB(CI4)\vendor\codeigniter4\shield\src\Commands\Setup.php(97): CodeIgniter\Shield\Commands\Setup->runMigrations()
#12 C:\Users\Damian\Desktop\CMM_Consultoria\Respaldo web CMM\CMM-WEB(CI4)\vendor\codeigniter4\shield\src\Commands\Setup.php(82): CodeIgniter\Shield\Commands\Setup->publishConfig()
#13 C:\Users\Damian\Desktop\CMM_Consultoria\Respaldo web CMM\CMM-WEB(CI4)\vendor\codeigniter4\framework\system\CLI\Commands.php(74): CodeIgniter\Shield\Commands\Setup->run(Array)
#14 C:\Users\Damian\Desktop\CMM_Consultoria\Respaldo web CMM\CMM-WEB(CI4)\vendor\codeigniter4\framework\system\CLI\Console.php(47): CodeIgniter\CLI\Commands->run('shield:setup', Array)
#15 C:\Users\Damian\Desktop\CMM_Consultoria\Respaldo web CMM\CMM-WEB(CI4)\vendor\codeigniter4\framework\system\Boot.php(442): CodeIgniter\CLI\Console->run()
#16 C:\Users\Damian\Desktop\CMM_Consultoria\Respaldo web CMM\CMM-WEB(CI4)\vendor\codeigniter4\framework\system\Boot.php(166): CodeIgniter\Boot::runCommand(Object(CodeIgniter\CLI\Console))
#17 C:\Users\Damian\Desktop\CMM_Consultoria\Respaldo web CMM\CMM-WEB(CI4)\spark(87): CodeIgniter\Boot::bootSpark(Object(Config\Paths))
#18 {main}

Next CodeIgniter\Database\Exceptions\DatabaseException: No se puede establecer una conexión ya que el equipo de destino denegó expresamente dicha conexión in C:\Users\Damian\Desktop\CMM_Consultoria\Respaldo web CMM\CMM-WEB(CI4)\vendor\codeigniter4\framework\system\Database\MySQLi\Connection.php:231
Stack trace:
#0 C:\Users\Damian\Desktop\CMM_Consultoria\Respaldo web CMM\CMM-WEB(CI4)\vendor\codeigniter4\framework\system\Database\BaseConnection.php(555): CodeIgniter\Database\MySQLi\Connection->connect(false)
#1 C:\Users\Damian\Desktop\CMM_Consultoria\Respaldo web CMM\CMM-WEB(CI4)\vendor\codeigniter4\framework\system\Database\BaseConnection.php(795): CodeIgniter\Database\BaseConnection->initialize()
#2 C:\Users\Damian\Desktop\CMM_Consultoria\Respaldo web CMM\CMM-WEB(CI4)\vendor\codeigniter4\framework\system\Database\BaseConnection.php(1706): CodeIgniter\Database\BaseConnection->query('SHOW TABLES FRO...')
#3 C:\Users\Damian\Desktop\CMM_Consultoria\Respaldo web CMM\CMM-WEB(CI4)\vendor\codeigniter4\framework\system\Database\BaseConnection.php(1726): CodeIgniter\Database\BaseConnection->listTables()
#4 C:\Users\Damian\Desktop\CMM_Consultoria\Respaldo web CMM\CMM-WEB(CI4)\vendor\codeigniter4\framework\system\Database\MigrationRunner.php(821): CodeIgniter\Database\BaseConnection->tableExists('migrations')
#5 C:\Users\Damian\Desktop\CMM_Consultoria\Respaldo web CMM\CMM-WEB(CI4)\vendor\codeigniter4\framework\system\Database\MigrationRunner.php(173): CodeIgniter\Database\MigrationRunner->ensureTable()
#6 C:\Users\Damian\Desktop\CMM_Consultoria\Respaldo web CMM\CMM-WEB(CI4)\vendor\codeigniter4\framework\system\Commands\Database\Migrate.php(89): CodeIgniter\Database\MigrationRunner->latest(NULL)
#7 C:\Users\Damian\Desktop\CMM_Consultoria\Respaldo web CMM\CMM-WEB(CI4)\vendor\codeigniter4\framework\system\CLI\SignalTrait.php(245): CodeIgniter\Commands\Database\Migrate::CodeIgniter\Commands\Database\{closure}()
#8 C:\Users\Damian\Desktop\CMM_Consultoria\Respaldo web CMM\CMM-WEB(CI4)\vendor\codeigniter4\framework\system\Commands\Database\Migrate.php(88): CodeIgniter\Commands\Database\Migrate->withSignalsBlocked(Object(Closure))
#9 C:\Users\Damian\Desktop\CMM_Consultoria\Respaldo web CMM\CMM-WEB(CI4)\vendor\codeigniter4\shield\src\Commands\Setup.php(430): CodeIgniter\Commands\Database\Migrate->run(Array)
#10 C:\Users\Damian\Desktop\CMM_Consultoria\Respaldo web CMM\CMM-WEB(CI4)\vendor\codeigniter4\shield\src\Commands\Setup.php(97): CodeIgniter\Shield\Commands\Setup->runMigrations()
#11 C:\Users\Damian\Desktop\CMM_Consultoria\Respaldo web CMM\CMM-WEB(CI4)\vendor\codeigniter4\shield\src\Commands\Setup.php(82): CodeIgniter\Shield\Commands\Setup->publishConfig()
#12 C:\Users\Damian\Desktop\CMM_Consultoria\Respaldo web CMM\CMM-WEB(CI4)\vendor\codeigniter4\framework\system\CLI\Commands.php(74): CodeIgniter\Shield\Commands\Setup->run(Array)
#13 C:\Users\Damian\Desktop\CMM_Consultoria\Respaldo web CMM\CMM-WEB(CI4)\vendor\codeigniter4\framework\system\CLI\Console.php(47): CodeIgniter\CLI\Commands->run('shield:setup', Array)
#14 C:\Users\Damian\Desktop\CMM_Consultoria\Respaldo web CMM\CMM-WEB(CI4)\vendor\codeigniter4\framework\system\Boot.php(442): CodeIgniter\CLI\Console->run()
#15 C:\Users\Damian\Desktop\CMM_Consultoria\Respaldo web CMM\CMM-WEB(CI4)\vendor\codeigniter4\framework\system\Boot.php(166): CodeIgniter\Boot::runCommand(Object(CodeIgniter\CLI\Console))
#16 C:\Users\Damian\Desktop\CMM_Consultoria\Respaldo web CMM\CMM-WEB(CI4)\spark(87): CodeIgniter\Boot::bootSpark(Object(Config\Paths))
#17 {main}
ERROR - 2026-04-03 17:01:29 --> Error connecting to the database: ErrorException: pg_connect(): Unable to connect to PostgreSQL server: ERROR:  Endpoint ID is not specified. Either please upgrade the postgres client library (libpq) for SNI support or pass the endpoint ID (first part of the domain name) as a parameter: '?options=endpoint%3D<endpoint-id>'. See more at https://neon.tech/sni
ERROR:  connection is insecure (try using `sslmode=require`) in C:\Users\Damian\Desktop\CMM_Consultoria\Respaldo web CMM\CMM-WEB(CI4)\vendor\codeigniter4\framework\system\Database\Postgre\Connection.php:78
Stack trace:
#0 [internal function]: CodeIgniter\Debug\Exceptions->errorHandler(2, 'pg_connect(): U...', 'C:\\Users\\Damian...', 78)
#1 C:\Users\Damian\Desktop\CMM_Consultoria\Respaldo web CMM\CMM-WEB(CI4)\vendor\codeigniter4\framework\system\Database\Postgre\Connection.php(78): pg_connect('host=ep-spring-...')
#2 C:\Users\Damian\Desktop\CMM_Consultoria\Respaldo web CMM\CMM-WEB(CI4)\vendor\codeigniter4\framework\system\Database\BaseConnection.php(555): CodeIgniter\Database\Postgre\Connection->connect(false)
#3 C:\Users\Damian\Desktop\CMM_Consultoria\Respaldo web CMM\CMM-WEB(CI4)\vendor\codeigniter4\framework\system\Database\BaseConnection.php(795): CodeIgniter\Database\BaseConnection->initialize()
#4 C:\Users\Damian\Desktop\CMM_Consultoria\Respaldo web CMM\CMM-WEB(CI4)\vendor\codeigniter4\framework\system\Database\BaseConnection.php(1706): CodeIgniter\Database\BaseConnection->query('SELECT "table_n...')
#5 C:\Users\Damian\Desktop\CMM_Consultoria\Respaldo web CMM\CMM-WEB(CI4)\vendor\codeigniter4\framework\system\Database\BaseConnection.php(1726): CodeIgniter\Database\BaseConnection->listTables()
#6 C:\Users\Damian\Desktop\CMM_Consultoria\Respaldo web CMM\CMM-WEB(CI4)\vendor\codeigniter4\framework\system\Database\MigrationRunner.php(821): CodeIgniter\Database\BaseConnection->tableExists('migrations')
#7 C:\Users\Damian\Desktop\CMM_Consultoria\Respaldo web CMM\CMM-WEB(CI4)\vendor\codeigniter4\framework\system\Database\MigrationRunner.php(173): CodeIgniter\Database\MigrationRunner->ensureTable()
#8 C:\Users\Damian\Desktop\CMM_Consultoria\Respaldo web CMM\CMM-WEB(CI4)\vendor\codeigniter4\framework\system\Commands\Database\Migrate.php(89): CodeIgniter\Database\MigrationRunner->latest(NULL)
#9 C:\Users\Damian\Desktop\CMM_Consultoria\Respaldo web CMM\CMM-WEB(CI4)\vendor\codeigniter4\framework\system\CLI\SignalTrait.php(245): CodeIgniter\Commands\Database\Migrate::CodeIgniter\Commands\Database\{closure}()
#10 C:\Users\Damian\Desktop\CMM_Consultoria\Respaldo web CMM\CMM-WEB(CI4)\vendor\codeigniter4\framework\system\Commands\Database\Migrate.php(88): CodeIgniter\Commands\Database\Migrate->withSignalsBlocked(Object(Closure))
#11 C:\Users\Damian\Desktop\CMM_Consultoria\Respaldo web CMM\CMM-WEB(CI4)\vendor\codeigniter4\shield\src\Commands\Setup.php(430): CodeIgniter\Commands\Database\Migrate->run(Array)
#12 C:\Users\Damian\Desktop\CMM_Consultoria\Respaldo web CMM\CMM-WEB(CI4)\vendor\codeigniter4\shield\src\Commands\Setup.php(97): CodeIgniter\Shield\Commands\Setup->runMigrations()
#13 C:\Users\Damian\Desktop\CMM_Consultoria\Respaldo web CMM\CMM-WEB(CI4)\vendor\codeigniter4\shield\src\Commands\Setup.php(82): CodeIgniter\Shield\Commands\Setup->publishConfig()
#14 C:\Users\Damian\Desktop\CMM_Consultoria\Respaldo web CMM\CMM-WEB(CI4)\vendor\codeigniter4\framework\system\CLI\Commands.php(74): CodeIgniter\Shield\Commands\Setup->run(Array)
#15 C:\Users\Damian\Desktop\CMM_Consultoria\Respaldo web CMM\CMM-WEB(CI4)\vendor\codeigniter4\framework\system\CLI\Console.php(47): CodeIgniter\CLI\Commands->run('shield:setup', Array)
#16 C:\Users\Damian\Desktop\CMM_Consultoria\Respaldo web CMM\CMM-WEB(CI4)\vendor\codeigniter4\framework\system\Boot.php(442): CodeIgniter\CLI\Console->run()
#17 C:\Users\Damian\Desktop\CMM_Consultoria\Respaldo web CMM\CMM-WEB(CI4)\vendor\codeigniter4\framework\system\Boot.php(166): CodeIgniter\Boot::runCommand(Object(CodeIgniter\CLI\Console))
#18 C:\Users\Damian\Desktop\CMM_Consultoria\Respaldo web CMM\CMM-WEB(CI4)\spark(87): CodeIgniter\Boot::bootSpark(Object(Config\Paths))
#19 {main}
ERROR - 2026-04-03 17:06:44 --> Error connecting to the database: ErrorException: pg_connect(): Unable to connect to PostgreSQL server: ERROR:  Endpoint ID is not specified. Either please upgrade the postgres client library (libpq) for SNI support or pass the endpoint ID (first part of the domain name) as a parameter: '?options=endpoint%3D<endpoint-id>'. See more at https://neon.tech/sni
ERROR:  connection is insecure (try using `sslmode=require`) in C:\Users\Damian\Desktop\CMM_Consultoria\Respaldo web CMM\CMM-WEB(CI4)\vendor\codeigniter4\framework\system\Database\Postgre\Connection.php:78
Stack trace:
#0 [internal function]: CodeIgniter\Debug\Exceptions->errorHandler(2, 'pg_connect(): U...', 'C:\\Users\\Damian...', 78)
#1 C:\Users\Damian\Desktop\CMM_Consultoria\Respaldo web CMM\CMM-WEB(CI4)\vendor\codeigniter4\framework\system\Database\Postgre\Connection.php(78): pg_connect('host=ep-spring-...')
#2 C:\Users\Damian\Desktop\CMM_Consultoria\Respaldo web CMM\CMM-WEB(CI4)\vendor\codeigniter4\framework\system\Database\BaseConnection.php(555): CodeIgniter\Database\Postgre\Connection->connect(false)
#3 C:\Users\Damian\Desktop\CMM_Consultoria\Respaldo web CMM\CMM-WEB(CI4)\vendor\codeigniter4\framework\system\Database\BaseConnection.php(795): CodeIgniter\Database\BaseConnection->initialize()
#4 C:\Users\Damian\Desktop\CMM_Consultoria\Respaldo web CMM\CMM-WEB(CI4)\vendor\codeigniter4\framework\system\Database\BaseConnection.php(1706): CodeIgniter\Database\BaseConnection->query('SELECT "table_n...')
#5 C:\Users\Damian\Desktop\CMM_Consultoria\Respaldo web CMM\CMM-WEB(CI4)\vendor\codeigniter4\framework\system\Database\BaseConnection.php(1726): CodeIgniter\Database\BaseConnection->listTables()
#6 C:\Users\Damian\Desktop\CMM_Consultoria\Respaldo web CMM\CMM-WEB(CI4)\vendor\codeigniter4\framework\system\Database\MigrationRunner.php(821): CodeIgniter\Database\BaseConnection->tableExists('migrations')
#7 C:\Users\Damian\Desktop\CMM_Consultoria\Respaldo web CMM\CMM-WEB(CI4)\vendor\codeigniter4\framework\system\Database\MigrationRunner.php(173): CodeIgniter\Database\MigrationRunner->ensureTable()
#8 C:\Users\Damian\Desktop\CMM_Consultoria\Respaldo web CMM\CMM-WEB(CI4)\vendor\codeigniter4\framework\system\Commands\Database\Migrate.php(89): CodeIgniter\Database\MigrationRunner->latest(NULL)
#9 C:\Users\Damian\Desktop\CMM_Consultoria\Respaldo web CMM\CMM-WEB(CI4)\vendor\codeigniter4\framework\system\CLI\SignalTrait.php(245): CodeIgniter\Commands\Database\Migrate::CodeIgniter\Commands\Database\{closure}()
#10 C:\Users\Damian\Desktop\CMM_Consultoria\Respaldo web CMM\CMM-WEB(CI4)\vendor\codeigniter4\framework\system\Commands\Database\Migrate.php(88): CodeIgniter\Commands\Database\Migrate->withSignalsBlocked(Object(Closure))
#11 C:\Users\Damian\Desktop\CMM_Consultoria\Respaldo web CMM\CMM-WEB(CI4)\vendor\codeigniter4\shield\src\Commands\Setup.php(430): CodeIgniter\Commands\Database\Migrate->run(Array)
#12 C:\Users\Damian\Desktop\CMM_Consultoria\Respaldo web CMM\CMM-WEB(CI4)\vendor\codeigniter4\shield\src\Commands\Setup.php(97): CodeIgniter\Shield\Commands\Setup->runMigrations()
#13 C:\Users\Damian\Desktop\CMM_Consultoria\Respaldo web CMM\CMM-WEB(CI4)\vendor\codeigniter4\shield\src\Commands\Setup.php(82): CodeIgniter\Shield\Commands\Setup->publishConfig()
#14 C:\Users\Damian\Desktop\CMM_Consultoria\Respaldo web CMM\CMM-WEB(CI4)\vendor\codeigniter4\framework\system\CLI\Commands.php(74): CodeIgniter\Shield\Commands\Setup->run(Array)
#15 C:\Users\Damian\Desktop\CMM_Consultoria\Respaldo web CMM\CMM-WEB(CI4)\vendor\codeigniter4\framework\system\CLI\Console.php(47): CodeIgniter\CLI\Commands->run('shield:setup', Array)
#16 C:\Users\Damian\Desktop\CMM_Consultoria\Respaldo web CMM\CMM-WEB(CI4)\vendor\codeigniter4\framework\system\Boot.php(442): CodeIgniter\CLI\Console->run()
#17 C:\Users\Damian\Desktop\CMM_Consultoria\Respaldo web CMM\CMM-WEB(CI4)\vendor\codeigniter4\framework\system\Boot.php(166): CodeIgniter\Boot::runCommand(Object(CodeIgniter\CLI\Console))
#18 C:\Users\Damian\Desktop\CMM_Consultoria\Respaldo web CMM\CMM-WEB(CI4)\spark(87): CodeIgniter\Boot::bootSpark(Object(Config\Paths))
#19 {main}
ERROR - 2026-04-03 17:07:51 --> Error connecting to the database: ErrorException: pg_connect(): Unable to connect to PostgreSQL server: ERROR:  Endpoint ID is not specified. Either please upgrade the postgres client library (libpq) for SNI support or pass the endpoint ID (first part of the domain name) as a parameter: '?options=endpoint%3D<endpoint-id>'. See more at https://neon.tech/sni
ERROR:  connection is insecure (try using `sslmode=require`) in C:\Users\Damian\Desktop\CMM_Consultoria\Respaldo web CMM\CMM-WEB(CI4)\vendor\codeigniter4\framework\system\Database\Postgre\Connection.php:78
Stack trace:
#0 [internal function]: CodeIgniter\Debug\Exceptions->errorHandler(2, 'pg_connect(): U...', 'C:\\Users\\Damian...', 78)
#1 C:\Users\Damian\Desktop\CMM_Consultoria\Respaldo web CMM\CMM-WEB(CI4)\vendor\codeigniter4\framework\system\Database\Postgre\Connection.php(78): pg_connect('host=ep-spring-...')
#2 C:\Users\Damian\Desktop\CMM_Consultoria\Respaldo web CMM\CMM-WEB(CI4)\vendor\codeigniter4\framework\system\Database\BaseConnection.php(555): CodeIgniter\Database\Postgre\Connection->connect(false)
#3 C:\Users\Damian\Desktop\CMM_Consultoria\Respaldo web CMM\CMM-WEB(CI4)\vendor\codeigniter4\framework\system\Database\BaseConnection.php(795): CodeIgniter\Database\BaseConnection->initialize()
#4 C:\Users\Damian\Desktop\CMM_Consultoria\Respaldo web CMM\CMM-WEB(CI4)\vendor\codeigniter4\framework\system\Database\BaseConnection.php(1706): CodeIgniter\Database\BaseConnection->query('SELECT "table_n...')
#5 C:\Users\Damian\Desktop\CMM_Consultoria\Respaldo web CMM\CMM-WEB(CI4)\vendor\codeigniter4\framework\system\Database\BaseConnection.php(1726): CodeIgniter\Database\BaseConnection->listTables()
#6 C:\Users\Damian\Desktop\CMM_Consultoria\Respaldo web CMM\CMM-WEB(CI4)\vendor\codeigniter4\framework\system\Database\MigrationRunner.php(821): CodeIgniter\Database\BaseConnection->tableExists('migrations')
#7 C:\Users\Damian\Desktop\CMM_Consultoria\Respaldo web CMM\CMM-WEB(CI4)\vendor\codeigniter4\framework\system\Database\MigrationRunner.php(173): CodeIgniter\Database\MigrationRunner->ensureTable()
#8 C:\Users\Damian\Desktop\CMM_Consultoria\Respaldo web CMM\CMM-WEB(CI4)\vendor\codeigniter4\framework\system\Commands\Database\Migrate.php(89): CodeIgniter\Database\MigrationRunner->latest(NULL)
#9 C:\Users\Damian\Desktop\CMM_Consultoria\Respaldo web CMM\CMM-WEB(CI4)\vendor\codeigniter4\framework\system\CLI\SignalTrait.php(245): CodeIgniter\Commands\Database\Migrate::CodeIgniter\Commands\Database\{closure}()
#10 C:\Users\Damian\Desktop\CMM_Consultoria\Respaldo web CMM\CMM-WEB(CI4)\vendor\codeigniter4\framework\system\Commands\Database\Migrate.php(88): CodeIgniter\Commands\Database\Migrate->withSignalsBlocked(Object(Closure))
#11 C:\Users\Damian\Desktop\CMM_Consultoria\Respaldo web CMM\CMM-WEB(CI4)\vendor\codeigniter4\shield\src\Commands\Setup.php(430): CodeIgniter\Commands\Database\Migrate->run(Array)
#12 C:\Users\Damian\Desktop\CMM_Consultoria\Respaldo web CMM\CMM-WEB(CI4)\vendor\codeigniter4\shield\src\Commands\Setup.php(97): CodeIgniter\Shield\Commands\Setup->runMigrations()
#13 C:\Users\Damian\Desktop\CMM_Consultoria\Respaldo web CMM\CMM-WEB(CI4)\vendor\codeigniter4\shield\src\Commands\Setup.php(82): CodeIgniter\Shield\Commands\Setup->publishConfig()
#14 C:\Users\Damian\Desktop\CMM_Consultoria\Respaldo web CMM\CMM-WEB(CI4)\vendor\codeigniter4\framework\system\CLI\Commands.php(74): CodeIgniter\Shield\Commands\Setup->run(Array)
#15 C:\Users\Damian\Desktop\CMM_Consultoria\Respaldo web CMM\CMM-WEB(CI4)\vendor\codeigniter4\framework\system\CLI\Console.php(47): CodeIgniter\CLI\Commands->run('shield:setup', Array)
#16 C:\Users\Damian\Desktop\CMM_Consultoria\Respaldo web CMM\CMM-WEB(CI4)\vendor\codeigniter4\framework\system\Boot.php(442): CodeIgniter\CLI\Console->run()
#17 C:\Users\Damian\Desktop\CMM_Consultoria\Respaldo web CMM\CMM-WEB(CI4)\vendor\codeigniter4\framework\system\Boot.php(166): CodeIgniter\Boot::runCommand(Object(CodeIgniter\CLI\Console))
#18 C:\Users\Damian\Desktop\CMM_Consultoria\Respaldo web CMM\CMM-WEB(CI4)\spark(87): CodeIgniter\Boot::bootSpark(Object(Config\Paths))
#19 {main}
ERROR - 2026-04-03 17:09:06 --> Error connecting to the database: ErrorException: pg_connect(): Unable to connect to PostgreSQL server: ERROR:  Endpoint ID is not specified. Either please upgrade the postgres client library (libpq) for SNI support or pass the endpoint ID (first part of the domain name) as a parameter: '?options=endpoint%3D<endpoint-id>'. See more at https://neon.tech/sni
ERROR:  connection is insecure (try using `sslmode=require`) in C:\Users\Damian\Desktop\CMM_Consultoria\Respaldo web CMM\CMM-WEB(CI4)\vendor\codeigniter4\framework\system\Database\Postgre\Connection.php:78
Stack trace:
#0 [internal function]: CodeIgniter\Debug\Exceptions->errorHandler(2, 'pg_connect(): U...', 'C:\\Users\\Damian...', 78)
#1 C:\Users\Damian\Desktop\CMM_Consultoria\Respaldo web CMM\CMM-WEB(CI4)\vendor\codeigniter4\framework\system\Database\Postgre\Connection.php(78): pg_connect('host=ep-spring-...')
#2 C:\Users\Damian\Desktop\CMM_Consultoria\Respaldo web CMM\CMM-WEB(CI4)\vendor\codeigniter4\framework\system\Database\BaseConnection.php(555): CodeIgniter\Database\Postgre\Connection->connect(false)
#3 C:\Users\Damian\Desktop\CMM_Consultoria\Respaldo web CMM\CMM-WEB(CI4)\vendor\codeigniter4\framework\system\Database\BaseConnection.php(795): CodeIgniter\Database\BaseConnection->initialize()
#4 C:\Users\Damian\Desktop\CMM_Consultoria\Respaldo web CMM\CMM-WEB(CI4)\vendor\codeigniter4\framework\system\Database\BaseConnection.php(1706): CodeIgniter\Database\BaseConnection->query('SELECT "table_n...')
#5 C:\Users\Damian\Desktop\CMM_Consultoria\Respaldo web CMM\CMM-WEB(CI4)\vendor\codeigniter4\framework\system\Database\BaseConnection.php(1726): CodeIgniter\Database\BaseConnection->listTables()
#6 C:\Users\Damian\Desktop\CMM_Consultoria\Respaldo web CMM\CMM-WEB(CI4)\vendor\codeigniter4\framework\system\Database\MigrationRunner.php(821): CodeIgniter\Database\BaseConnection->tableExists('migrations')
#7 C:\Users\Damian\Desktop\CMM_Consultoria\Respaldo web CMM\CMM-WEB(CI4)\vendor\codeigniter4\framework\system\Database\MigrationRunner.php(173): CodeIgniter\Database\MigrationRunner->ensureTable()
#8 C:\Users\Damian\Desktop\CMM_Consultoria\Respaldo web CMM\CMM-WEB(CI4)\vendor\codeigniter4\framework\system\Commands\Database\Migrate.php(89): CodeIgniter\Database\MigrationRunner->latest(NULL)
#9 C:\Users\Damian\Desktop\CMM_Consultoria\Respaldo web CMM\CMM-WEB(CI4)\vendor\codeigniter4\framework\system\CLI\SignalTrait.php(245): CodeIgniter\Commands\Database\Migrate::CodeIgniter\Commands\Database\{closure}()
#10 C:\Users\Damian\Desktop\CMM_Consultoria\Respaldo web CMM\CMM-WEB(CI4)\vendor\codeigniter4\framework\system\Commands\Database\Migrate.php(88): CodeIgniter\Commands\Database\Migrate->withSignalsBlocked(Object(Closure))
#11 C:\Users\Damian\Desktop\CMM_Consultoria\Respaldo web CMM\CMM-WEB(CI4)\vendor\codeigniter4\shield\src\Commands\Setup.php(430): CodeIgniter\Commands\Database\Migrate->run(Array)
#12 C:\Users\Damian\Desktop\CMM_Consultoria\Respaldo web CMM\CMM-WEB(CI4)\vendor\codeigniter4\shield\src\Commands\Setup.php(97): CodeIgniter\Shield\Commands\Setup->runMigrations()
#13 C:\Users\Damian\Desktop\CMM_Consultoria\Respaldo web CMM\CMM-WEB(CI4)\vendor\codeigniter4\shield\src\Commands\Setup.php(82): CodeIgniter\Shield\Commands\Setup->publishConfig()
#14 C:\Users\Damian\Desktop\CMM_Consultoria\Respaldo web CMM\CMM-WEB(CI4)\vendor\codeigniter4\framework\system\CLI\Commands.php(74): CodeIgniter\Shield\Commands\Setup->run(Array)
#15 C:\Users\Damian\Desktop\CMM_Consultoria\Respaldo web CMM\CMM-WEB(CI4)\vendor\codeigniter4\framework\system\CLI\Console.php(47): CodeIgniter\CLI\Commands->run('shield:setup', Array)
#16 C:\Users\Damian\Desktop\CMM_Consultoria\Respaldo web CMM\CMM-WEB(CI4)\vendor\codeigniter4\framework\system\Boot.php(442): CodeIgniter\CLI\Console->run()
#17 C:\Users\Damian\Desktop\CMM_Consultoria\Respaldo web CMM\CMM-WEB(CI4)\vendor\codeigniter4\framework\system\Boot.php(166): CodeIgniter\Boot::runCommand(Object(CodeIgniter\CLI\Console))
#18 C:\Users\Damian\Desktop\CMM_Consultoria\Respaldo web CMM\CMM-WEB(CI4)\spark(87): CodeIgniter\Boot::bootSpark(Object(Config\Paths))
#19 {main}
ERROR - 2026-04-03 17:09:42 --> Error connecting to the database: ErrorException: pg_connect(): Unable to connect to PostgreSQL server: ERROR:  Endpoint ID is not specified. Either please upgrade the postgres client library (libpq) for SNI support or pass the endpoint ID (first part of the domain name) as a parameter: '?options=endpoint%3D<endpoint-id>'. See more at https://neon.tech/sni
ERROR:  connection is insecure (try using `sslmode=require`) in C:\Users\Damian\Desktop\CMM_Consultoria\Respaldo web CMM\CMM-WEB(CI4)\vendor\codeigniter4\framework\system\Database\Postgre\Connection.php:78
Stack trace:
#0 [internal function]: CodeIgniter\Debug\Exceptions->errorHandler(2, 'pg_connect(): U...', 'C:\\Users\\Damian...', 78)
#1 C:\Users\Damian\Desktop\CMM_Consultoria\Respaldo web CMM\CMM-WEB(CI4)\vendor\codeigniter4\framework\system\Database\Postgre\Connection.php(78): pg_connect('host=ep-spring-...')
#2 C:\Users\Damian\Desktop\CMM_Consultoria\Respaldo web CMM\CMM-WEB(CI4)\vendor\codeigniter4\framework\system\Database\BaseConnection.php(555): CodeIgniter\Database\Postgre\Connection->connect(false)
#3 C:\Users\Damian\Desktop\CMM_Consultoria\Respaldo web CMM\CMM-WEB(CI4)\vendor\codeigniter4\framework\system\Database\BaseConnection.php(795): CodeIgniter\Database\BaseConnection->initialize()
#4 C:\Users\Damian\Desktop\CMM_Consultoria\Respaldo web CMM\CMM-WEB(CI4)\vendor\codeigniter4\framework\system\Database\BaseConnection.php(1706): CodeIgniter\Database\BaseConnection->query('SELECT "table_n...')
#5 C:\Users\Damian\Desktop\CMM_Consultoria\Respaldo web CMM\CMM-WEB(CI4)\vendor\codeigniter4\framework\system\Database\BaseConnection.php(1726): CodeIgniter\Database\BaseConnection->listTables()
#6 C:\Users\Damian\Desktop\CMM_Consultoria\Respaldo web CMM\CMM-WEB(CI4)\vendor\codeigniter4\framework\system\Database\MigrationRunner.php(821): CodeIgniter\Database\BaseConnection->tableExists('migrations')
#7 C:\Users\Damian\Desktop\CMM_Consultoria\Respaldo web CMM\CMM-WEB(CI4)\vendor\codeigniter4\framework\system\Database\MigrationRunner.php(173): CodeIgniter\Database\MigrationRunner->ensureTable()
#8 C:\Users\Damian\Desktop\CMM_Consultoria\Respaldo web CMM\CMM-WEB(CI4)\vendor\codeigniter4\framework\system\Commands\Database\Migrate.php(89): CodeIgniter\Database\MigrationRunner->latest(NULL)
#9 C:\Users\Damian\Desktop\CMM_Consultoria\Respaldo web CMM\CMM-WEB(CI4)\vendor\codeigniter4\framework\system\CLI\SignalTrait.php(245): CodeIgniter\Commands\Database\Migrate::CodeIgniter\Commands\Database\{closure}()
#10 C:\Users\Damian\Desktop\CMM_Consultoria\Respaldo web CMM\CMM-WEB(CI4)\vendor\codeigniter4\framework\system\Commands\Database\Migrate.php(88): CodeIgniter\Commands\Database\Migrate->withSignalsBlocked(Object(Closure))
#11 C:\Users\Damian\Desktop\CMM_Consultoria\Respaldo web CMM\CMM-WEB(CI4)\vendor\codeigniter4\shield\src\Commands\Setup.php(430): CodeIgniter\Commands\Database\Migrate->run(Array)
#12 C:\Users\Damian\Desktop\CMM_Consultoria\Respaldo web CMM\CMM-WEB(CI4)\vendor\codeigniter4\shield\src\Commands\Setup.php(97): CodeIgniter\Shield\Commands\Setup->runMigrations()
#13 C:\Users\Damian\Desktop\CMM_Consultoria\Respaldo web CMM\CMM-WEB(CI4)\vendor\codeigniter4\shield\src\Commands\Setup.php(82): CodeIgniter\Shield\Commands\Setup->publishConfig()
#14 C:\Users\Damian\Desktop\CMM_Consultoria\Respaldo web CMM\CMM-WEB(CI4)\vendor\codeigniter4\framework\system\CLI\Commands.php(74): CodeIgniter\Shield\Commands\Setup->run(Array)
#15 C:\Users\Damian\Desktop\CMM_Consultoria\Respaldo web CMM\CMM-WEB(CI4)\vendor\codeigniter4\framework\system\CLI\Console.php(47): CodeIgniter\CLI\Commands->run('shield:setup', Array)
#16 C:\Users\Damian\Desktop\CMM_Consultoria\Respaldo web CMM\CMM-WEB(CI4)\vendor\codeigniter4\framework\system\Boot.php(442): CodeIgniter\CLI\Console->run()
#17 C:\Users\Damian\Desktop\CMM_Consultoria\Respaldo web CMM\CMM-WEB(CI4)\vendor\codeigniter4\framework\system\Boot.php(166): CodeIgniter\Boot::runCommand(Object(CodeIgniter\CLI\Console))
#18 C:\Users\Damian\Desktop\CMM_Consultoria\Respaldo web CMM\CMM-WEB(CI4)\spark(87): CodeIgniter\Boot::bootSpark(Object(Config\Paths))
#19 {main}
ERROR - 2026-04-03 17:10:25 --> Error connecting to the database: ErrorException: pg_connect(): Unable to connect to PostgreSQL server: ERROR:  Endpoint ID is not specified. Either please upgrade the postgres client library (libpq) for SNI support or pass the endpoint ID (first part of the domain name) as a parameter: '?options=endpoint%3D<endpoint-id>'. See more at https://neon.tech/sni
ERROR:  connection is insecure (try using `sslmode=require`) in C:\Users\Damian\Desktop\CMM_Consultoria\Respaldo web CMM\CMM-WEB(CI4)\vendor\codeigniter4\framework\system\Database\Postgre\Connection.php:78
Stack trace:
#0 [internal function]: CodeIgniter\Debug\Exceptions->errorHandler(2, 'pg_connect(): U...', 'C:\\Users\\Damian...', 78)
#1 C:\Users\Damian\Desktop\CMM_Consultoria\Respaldo web CMM\CMM-WEB(CI4)\vendor\codeigniter4\framework\system\Database\Postgre\Connection.php(78): pg_connect('host=ep-spring-...')
#2 C:\Users\Damian\Desktop\CMM_Consultoria\Respaldo web CMM\CMM-WEB(CI4)\vendor\codeigniter4\framework\system\Database\BaseConnection.php(555): CodeIgniter\Database\Postgre\Connection->connect(false)
#3 C:\Users\Damian\Desktop\CMM_Consultoria\Respaldo web CMM\CMM-WEB(CI4)\vendor\codeigniter4\framework\system\Database\BaseConnection.php(795): CodeIgniter\Database\BaseConnection->initialize()
#4 C:\Users\Damian\Desktop\CMM_Consultoria\Respaldo web CMM\CMM-WEB(CI4)\vendor\codeigniter4\framework\system\Database\BaseConnection.php(1706): CodeIgniter\Database\BaseConnection->query('SELECT "table_n...')
#5 C:\Users\Damian\Desktop\CMM_Consultoria\Respaldo web CMM\CMM-WEB(CI4)\vendor\codeigniter4\framework\system\Database\BaseConnection.php(1726): CodeIgniter\Database\BaseConnection->listTables()
#6 C:\Users\Damian\Desktop\CMM_Consultoria\Respaldo web CMM\CMM-WEB(CI4)\vendor\codeigniter4\framework\system\Database\MigrationRunner.php(821): CodeIgniter\Database\BaseConnection->tableExists('migrations')
#7 C:\Users\Damian\Desktop\CMM_Consultoria\Respaldo web CMM\CMM-WEB(CI4)\vendor\codeigniter4\framework\system\Database\MigrationRunner.php(173): CodeIgniter\Database\MigrationRunner->ensureTable()
#8 C:\Users\Damian\Desktop\CMM_Consultoria\Respaldo web CMM\CMM-WEB(CI4)\vendor\codeigniter4\framework\system\Commands\Database\Migrate.php(89): CodeIgniter\Database\MigrationRunner->latest(NULL)
#9 C:\Users\Damian\Desktop\CMM_Consultoria\Respaldo web CMM\CMM-WEB(CI4)\vendor\codeigniter4\framework\system\CLI\SignalTrait.php(245): CodeIgniter\Commands\Database\Migrate::CodeIgniter\Commands\Database\{closure}()
#10 C:\Users\Damian\Desktop\CMM_Consultoria\Respaldo web CMM\CMM-WEB(CI4)\vendor\codeigniter4\framework\system\Commands\Database\Migrate.php(88): CodeIgniter\Commands\Database\Migrate->withSignalsBlocked(Object(Closure))
#11 C:\Users\Damian\Desktop\CMM_Consultoria\Respaldo web CMM\CMM-WEB(CI4)\vendor\codeigniter4\shield\src\Commands\Setup.php(430): CodeIgniter\Commands\Database\Migrate->run(Array)
#12 C:\Users\Damian\Desktop\CMM_Consultoria\Respaldo web CMM\CMM-WEB(CI4)\vendor\codeigniter4\shield\src\Commands\Setup.php(97): CodeIgniter\Shield\Commands\Setup->runMigrations()
#13 C:\Users\Damian\Desktop\CMM_Consultoria\Respaldo web CMM\CMM-WEB(CI4)\vendor\codeigniter4\shield\src\Commands\Setup.php(82): CodeIgniter\Shield\Commands\Setup->publishConfig()
#14 C:\Users\Damian\Desktop\CMM_Consultoria\Respaldo web CMM\CMM-WEB(CI4)\vendor\codeigniter4\framework\system\CLI\Commands.php(74): CodeIgniter\Shield\Commands\Setup->run(Array)
#15 C:\Users\Damian\Desktop\CMM_Consultoria\Respaldo web CMM\CMM-WEB(CI4)\vendor\codeigniter4\framework\system\CLI\Console.php(47): CodeIgniter\CLI\Commands->run('shield:setup', Array)
#16 C:\Users\Damian\Desktop\CMM_Consultoria\Respaldo web CMM\CMM-WEB(CI4)\vendor\codeigniter4\framework\system\Boot.php(442): CodeIgniter\CLI\Console->run()
#17 C:\Users\Damian\Desktop\CMM_Consultoria\Respaldo web CMM\CMM-WEB(CI4)\vendor\codeigniter4\framework\system\Boot.php(166): CodeIgniter\Boot::runCommand(Object(CodeIgniter\CLI\Console))
#18 C:\Users\Damian\Desktop\CMM_Consultoria\Respaldo web CMM\CMM-WEB(CI4)\spark(87): CodeIgniter\Boot::bootSpark(Object(Config\Paths))
#19 {main}
ERROR - 2026-04-03 17:11:28 --> Error connecting to the database: ErrorException: pg_connect(): Unable to connect to PostgreSQL server: invalid sslmode value: "require;options=endpoint=ep-spring-pond-ac9vgzw0" in C:\Users\Damian\Desktop\CMM_Consultoria\Respaldo web CMM\CMM-WEB(CI4)\vendor\codeigniter4\framework\system\Database\Postgre\Connection.php:78
Stack trace:
#0 [internal function]: CodeIgniter\Debug\Exceptions->errorHandler(2, 'pg_connect(): U...', 'C:\\Users\\Damian...', 78)
#1 C:\Users\Damian\Desktop\CMM_Consultoria\Respaldo web CMM\CMM-WEB(CI4)\vendor\codeigniter4\framework\system\Database\Postgre\Connection.php(78): pg_connect('host=ep-spring-...')
#2 C:\Users\Damian\Desktop\CMM_Consultoria\Respaldo web CMM\CMM-WEB(CI4)\vendor\codeigniter4\framework\system\Database\BaseConnection.php(555): CodeIgniter\Database\Postgre\Connection->connect(false)
#3 C:\Users\Damian\Desktop\CMM_Consultoria\Respaldo web CMM\CMM-WEB(CI4)\vendor\codeigniter4\framework\system\Database\BaseConnection.php(795): CodeIgniter\Database\BaseConnection->initialize()
#4 C:\Users\Damian\Desktop\CMM_Consultoria\Respaldo web CMM\CMM-WEB(CI4)\vendor\codeigniter4\framework\system\Database\BaseConnection.php(1706): CodeIgniter\Database\BaseConnection->query('SELECT "table_n...')
#5 C:\Users\Damian\Desktop\CMM_Consultoria\Respaldo web CMM\CMM-WEB(CI4)\vendor\codeigniter4\framework\system\Database\BaseConnection.php(1726): CodeIgniter\Database\BaseConnection->listTables()
#6 C:\Users\Damian\Desktop\CMM_Consultoria\Respaldo web CMM\CMM-WEB(CI4)\vendor\codeigniter4\framework\system\Database\MigrationRunner.php(821): CodeIgniter\Database\BaseConnection->tableExists('migrations')
#7 C:\Users\Damian\Desktop\CMM_Consultoria\Respaldo web CMM\CMM-WEB(CI4)\vendor\codeigniter4\framework\system\Database\MigrationRunner.php(173): CodeIgniter\Database\MigrationRunner->ensureTable()
#8 C:\Users\Damian\Desktop\CMM_Consultoria\Respaldo web CMM\CMM-WEB(CI4)\vendor\codeigniter4\framework\system\Commands\Database\Migrate.php(89): CodeIgniter\Database\MigrationRunner->latest(NULL)
#9 C:\Users\Damian\Desktop\CMM_Consultoria\Respaldo web CMM\CMM-WEB(CI4)\vendor\codeigniter4\framework\system\CLI\SignalTrait.php(245): CodeIgniter\Commands\Database\Migrate::CodeIgniter\Commands\Database\{closure}()
#10 C:\Users\Damian\Desktop\CMM_Consultoria\Respaldo web CMM\CMM-WEB(CI4)\vendor\codeigniter4\framework\system\Commands\Database\Migrate.php(88): CodeIgniter\Commands\Database\Migrate->withSignalsBlocked(Object(Closure))
#11 C:\Users\Damian\Desktop\CMM_Consultoria\Respaldo web CMM\CMM-WEB(CI4)\vendor\codeigniter4\shield\src\Commands\Setup.php(430): CodeIgniter\Commands\Database\Migrate->run(Array)
#12 C:\Users\Damian\Desktop\CMM_Consultoria\Respaldo web CMM\CMM-WEB(CI4)\vendor\codeigniter4\shield\src\Commands\Setup.php(97): CodeIgniter\Shield\Commands\Setup->runMigrations()
#13 C:\Users\Damian\Desktop\CMM_Consultoria\Respaldo web CMM\CMM-WEB(CI4)\vendor\codeigniter4\shield\src\Commands\Setup.php(82): CodeIgniter\Shield\Commands\Setup->publishConfig()
#14 C:\Users\Damian\Desktop\CMM_Consultoria\Respaldo web CMM\CMM-WEB(CI4)\vendor\codeigniter4\framework\system\CLI\Commands.php(74): CodeIgniter\Shield\Commands\Setup->run(Array)
#15 C:\Users\Damian\Desktop\CMM_Consultoria\Respaldo web CMM\CMM-WEB(CI4)\vendor\codeigniter4\framework\system\CLI\Console.php(47): CodeIgniter\CLI\Commands->run('shield:setup', Array)
#16 C:\Users\Damian\Desktop\CMM_Consultoria\Respaldo web CMM\CMM-WEB(CI4)\vendor\codeigniter4\framework\system\Boot.php(442): CodeIgniter\CLI\Console->run()
#17 C:\Users\Damian\Desktop\CMM_Consultoria\Respaldo web CMM\CMM-WEB(CI4)\vendor\codeigniter4\framework\system\Boot.php(166): CodeIgniter\Boot::runCommand(Object(CodeIgniter\CLI\Console))
#18 C:\Users\Damian\Desktop\CMM_Consultoria\Respaldo web CMM\CMM-WEB(CI4)\spark(87): CodeIgniter\Boot::bootSpark(Object(Config\Paths))
#19 {main}
ERROR - 2026-04-03 17:12:21 --> Error connecting to the database: ErrorException: pg_connect(): Unable to connect to PostgreSQL server: invalid sslmode value: "require;options=endpoint=ep-spring-pond-ac9vgzw0" in C:\Users\Damian\Desktop\CMM_Consultoria\Respaldo web CMM\CMM-WEB(CI4)\vendor\codeigniter4\framework\system\Database\Postgre\Connection.php:78
Stack trace:
#0 [internal function]: CodeIgniter\Debug\Exceptions->errorHandler(2, 'pg_connect(): U...', 'C:\\Users\\Damian...', 78)
#1 C:\Users\Damian\Desktop\CMM_Consultoria\Respaldo web CMM\CMM-WEB(CI4)\vendor\codeigniter4\framework\system\Database\Postgre\Connection.php(78): pg_connect('host=ep-spring-...')
#2 C:\Users\Damian\Desktop\CMM_Consultoria\Respaldo web CMM\CMM-WEB(CI4)\vendor\codeigniter4\framework\system\Database\BaseConnection.php(555): CodeIgniter\Database\Postgre\Connection->connect(false)
#3 C:\Users\Damian\Desktop\CMM_Consultoria\Respaldo web CMM\CMM-WEB(CI4)\vendor\codeigniter4\framework\system\Database\BaseConnection.php(795): CodeIgniter\Database\BaseConnection->initialize()
#4 C:\Users\Damian\Desktop\CMM_Consultoria\Respaldo web CMM\CMM-WEB(CI4)\vendor\codeigniter4\framework\system\Database\BaseConnection.php(1706): CodeIgniter\Database\BaseConnection->query('SELECT "table_n...')
#5 C:\Users\Damian\Desktop\CMM_Consultoria\Respaldo web CMM\CMM-WEB(CI4)\vendor\codeigniter4\framework\system\Database\BaseConnection.php(1726): CodeIgniter\Database\BaseConnection->listTables()
#6 C:\Users\Damian\Desktop\CMM_Consultoria\Respaldo web CMM\CMM-WEB(CI4)\vendor\codeigniter4\framework\system\Database\MigrationRunner.php(821): CodeIgniter\Database\BaseConnection->tableExists('migrations')
#7 C:\Users\Damian\Desktop\CMM_Consultoria\Respaldo web CMM\CMM-WEB(CI4)\vendor\codeigniter4\framework\system\Database\MigrationRunner.php(173): CodeIgniter\Database\MigrationRunner->ensureTable()
#8 C:\Users\Damian\Desktop\CMM_Consultoria\Respaldo web CMM\CMM-WEB(CI4)\vendor\codeigniter4\framework\system\Commands\Database\Migrate.php(89): CodeIgniter\Database\MigrationRunner->latest(NULL)
#9 C:\Users\Damian\Desktop\CMM_Consultoria\Respaldo web CMM\CMM-WEB(CI4)\vendor\codeigniter4\framework\system\CLI\SignalTrait.php(245): CodeIgniter\Commands\Database\Migrate::CodeIgniter\Commands\Database\{closure}()
#10 C:\Users\Damian\Desktop\CMM_Consultoria\Respaldo web CMM\CMM-WEB(CI4)\vendor\codeigniter4\framework\system\Commands\Database\Migrate.php(88): CodeIgniter\Commands\Database\Migrate->withSignalsBlocked(Object(Closure))
#11 C:\Users\Damian\Desktop\CMM_Consultoria\Respaldo web CMM\CMM-WEB(CI4)\vendor\codeigniter4\shield\src\Commands\Setup.php(430): CodeIgniter\Commands\Database\Migrate->run(Array)
#12 C:\Users\Damian\Desktop\CMM_Consultoria\Respaldo web CMM\CMM-WEB(CI4)\vendor\codeigniter4\shield\src\Commands\Setup.php(97): CodeIgniter\Shield\Commands\Setup->runMigrations()
#13 C:\Users\Damian\Desktop\CMM_Consultoria\Respaldo web CMM\CMM-WEB(CI4)\vendor\codeigniter4\shield\src\Commands\Setup.php(82): CodeIgniter\Shield\Commands\Setup->publishConfig()
#14 C:\Users\Damian\Desktop\CMM_Consultoria\Respaldo web CMM\CMM-WEB(CI4)\vendor\codeigniter4\framework\system\CLI\Commands.php(74): CodeIgniter\Shield\Commands\Setup->run(Array)
#15 C:\Users\Damian\Desktop\CMM_Consultoria\Respaldo web CMM\CMM-WEB(CI4)\vendor\codeigniter4\framework\system\CLI\Console.php(47): CodeIgniter\CLI\Commands->run('shield:setup', Array)
#16 C:\Users\Damian\Desktop\CMM_Consultoria\Respaldo web CMM\CMM-WEB(CI4)\vendor\codeigniter4\framework\system\Boot.php(442): CodeIgniter\CLI\Console->run()
#17 C:\Users\Damian\Desktop\CMM_Consultoria\Respaldo web CMM\CMM-WEB(CI4)\vendor\codeigniter4\framework\system\Boot.php(166): CodeIgniter\Boot::runCommand(Object(CodeIgniter\CLI\Console))
#18 C:\Users\Damian\Desktop\CMM_Consultoria\Respaldo web CMM\CMM-WEB(CI4)\spark(87): CodeIgniter\Boot::bootSpark(Object(Config\Paths))
#19 {main}
ERROR - 2026-04-03 17:12:58 --> Error connecting to the database: ErrorException: pg_connect(): Unable to connect to PostgreSQL server: invalid sslmode value: "require;options=endpoint=ep-spring-pond-ac9vgzw0" in C:\Users\Damian\Desktop\CMM_Consultoria\Respaldo web CMM\CMM-WEB(CI4)\vendor\codeigniter4\framework\system\Database\Postgre\Connection.php:78
Stack trace:
#0 [internal function]: CodeIgniter\Debug\Exceptions->errorHandler(2, 'pg_connect(): U...', 'C:\\Users\\Damian...', 78)
#1 C:\Users\Damian\Desktop\CMM_Consultoria\Respaldo web CMM\CMM-WEB(CI4)\vendor\codeigniter4\framework\system\Database\Postgre\Connection.php(78): pg_connect('host=ep-spring-...')
#2 C:\Users\Damian\Desktop\CMM_Consultoria\Respaldo web CMM\CMM-WEB(CI4)\vendor\codeigniter4\framework\system\Database\BaseConnection.php(555): CodeIgniter\Database\Postgre\Connection->connect(false)
#3 C:\Users\Damian\Desktop\CMM_Consultoria\Respaldo web CMM\CMM-WEB(CI4)\vendor\codeigniter4\framework\system\Database\BaseConnection.php(795): CodeIgniter\Database\BaseConnection->initialize()
#4 C:\Users\Damian\Desktop\CMM_Consultoria\Respaldo web CMM\CMM-WEB(CI4)\vendor\codeigniter4\framework\system\Database\BaseConnection.php(1706): CodeIgniter\Database\BaseConnection->query('SELECT "table_n...')
#5 C:\Users\Damian\Desktop\CMM_Consultoria\Respaldo web CMM\CMM-WEB(CI4)\vendor\codeigniter4\framework\system\Database\BaseConnection.php(1726): CodeIgniter\Database\BaseConnection->listTables()
#6 C:\Users\Damian\Desktop\CMM_Consultoria\Respaldo web CMM\CMM-WEB(CI4)\vendor\codeigniter4\framework\system\Database\MigrationRunner.php(821): CodeIgniter\Database\BaseConnection->tableExists('migrations')
#7 C:\Users\Damian\Desktop\CMM_Consultoria\Respaldo web CMM\CMM-WEB(CI4)\vendor\codeigniter4\framework\system\Database\MigrationRunner.php(173): CodeIgniter\Database\MigrationRunner->ensureTable()
#8 C:\Users\Damian\Desktop\CMM_Consultoria\Respaldo web CMM\CMM-WEB(CI4)\vendor\codeigniter4\framework\system\Commands\Database\Migrate.php(89): CodeIgniter\Database\MigrationRunner->latest(NULL)
#9 C:\Users\Damian\Desktop\CMM_Consultoria\Respaldo web CMM\CMM-WEB(CI4)\vendor\codeigniter4\framework\system\CLI\SignalTrait.php(245): CodeIgniter\Commands\Database\Migrate::CodeIgniter\Commands\Database\{closure}()
#10 C:\Users\Damian\Desktop\CMM_Consultoria\Respaldo web CMM\CMM-WEB(CI4)\vendor\codeigniter4\framework\system\Commands\Database\Migrate.php(88): CodeIgniter\Commands\Database\Migrate->withSignalsBlocked(Object(Closure))
#11 C:\Users\Damian\Desktop\CMM_Consultoria\Respaldo web CMM\CMM-WEB(CI4)\vendor\codeigniter4\shield\src\Commands\Setup.php(430): CodeIgniter\Commands\Database\Migrate->run(Array)
#12 C:\Users\Damian\Desktop\CMM_Consultoria\Respaldo web CMM\CMM-WEB(CI4)\vendor\codeigniter4\shield\src\Commands\Setup.php(97): CodeIgniter\Shield\Commands\Setup->runMigrations()
#13 C:\Users\Damian\Desktop\CMM_Consultoria\Respaldo web CMM\CMM-WEB(CI4)\vendor\codeigniter4\shield\src\Commands\Setup.php(82): CodeIgniter\Shield\Commands\Setup->publishConfig()
#14 C:\Users\Damian\Desktop\CMM_Consultoria\Respaldo web CMM\CMM-WEB(CI4)\vendor\codeigniter4\framework\system\CLI\Commands.php(74): CodeIgniter\Shield\Commands\Setup->run(Array)
#15 C:\Users\Damian\Desktop\CMM_Consultoria\Respaldo web CMM\CMM-WEB(CI4)\vendor\codeigniter4\framework\system\CLI\Console.php(47): CodeIgniter\CLI\Commands->run('shield:setup', Array)
#16 C:\Users\Damian\Desktop\CMM_Consultoria\Respaldo web CMM\CMM-WEB(CI4)\vendor\codeigniter4\framework\system\Boot.php(442): CodeIgniter\CLI\Console->run()
#17 C:\Users\Damian\Desktop\CMM_Consultoria\Respaldo web CMM\CMM-WEB(CI4)\vendor\codeigniter4\framework\system\Boot.php(166): CodeIgniter\Boot::runCommand(Object(CodeIgniter\CLI\Console))
#18 C:\Users\Damian\Desktop\CMM_Consultoria\Respaldo web CMM\CMM-WEB(CI4)\spark(87): CodeIgniter\Boot::bootSpark(Object(Config\Paths))
#19 {main}
ERROR - 2026-04-03 17:15:58 --> Error connecting to the database: ErrorException: pg_connect(): Unable to connect to PostgreSQL server: ERROR:  Endpoint ID is not specified. Either please upgrade the postgres client library (libpq) for SNI support or pass the endpoint ID (first part of the domain name) as a parameter: '?options=endpoint%3D<endpoint-id>'. See more at https://neon.tech/sni in C:\Users\Damian\Desktop\CMM_Consultoria\Respaldo web CMM\CMM-WEB(CI4)\vendor\codeigniter4\framework\system\Database\Postgre\Connection.php:78
Stack trace:
#0 [internal function]: CodeIgniter\Debug\Exceptions->errorHandler(2, 'pg_connect(): U...', 'C:\\Users\\Damian...', 78)
#1 C:\Users\Damian\Desktop\CMM_Consultoria\Respaldo web CMM\CMM-WEB(CI4)\vendor\codeigniter4\framework\system\Database\Postgre\Connection.php(78): pg_connect('host=ep-spring-...')
#2 C:\Users\Damian\Desktop\CMM_Consultoria\Respaldo web CMM\CMM-WEB(CI4)\vendor\codeigniter4\framework\system\Database\BaseConnection.php(555): CodeIgniter\Database\Postgre\Connection->connect(false)
#3 C:\Users\Damian\Desktop\CMM_Consultoria\Respaldo web CMM\CMM-WEB(CI4)\vendor\codeigniter4\framework\system\Database\BaseConnection.php(795): CodeIgniter\Database\BaseConnection->initialize()
#4 C:\Users\Damian\Desktop\CMM_Consultoria\Respaldo web CMM\CMM-WEB(CI4)\vendor\codeigniter4\framework\system\Database\BaseConnection.php(1706): CodeIgniter\Database\BaseConnection->query('SELECT "table_n...')
#5 C:\Users\Damian\Desktop\CMM_Consultoria\Respaldo web CMM\CMM-WEB(CI4)\vendor\codeigniter4\framework\system\Database\BaseConnection.php(1726): CodeIgniter\Database\BaseConnection->listTables()
#6 C:\Users\Damian\Desktop\CMM_Consultoria\Respaldo web CMM\CMM-WEB(CI4)\vendor\codeigniter4\framework\system\Database\MigrationRunner.php(821): CodeIgniter\Database\BaseConnection->tableExists('migrations')
#7 C:\Users\Damian\Desktop\CMM_Consultoria\Respaldo web CMM\CMM-WEB(CI4)\vendor\codeigniter4\framework\system\Database\MigrationRunner.php(173): CodeIgniter\Database\MigrationRunner->ensureTable()
#8 C:\Users\Damian\Desktop\CMM_Consultoria\Respaldo web CMM\CMM-WEB(CI4)\vendor\codeigniter4\framework\system\Commands\Database\Migrate.php(89): CodeIgniter\Database\MigrationRunner->latest(NULL)
#9 C:\Users\Damian\Desktop\CMM_Consultoria\Respaldo web CMM\CMM-WEB(CI4)\vendor\codeigniter4\framework\system\CLI\SignalTrait.php(245): CodeIgniter\Commands\Database\Migrate::CodeIgniter\Commands\Database\{closure}()
#10 C:\Users\Damian\Desktop\CMM_Consultoria\Respaldo web CMM\CMM-WEB(CI4)\vendor\codeigniter4\framework\system\Commands\Database\Migrate.php(88): CodeIgniter\Commands\Database\Migrate->withSignalsBlocked(Object(Closure))
#11 C:\Users\Damian\Desktop\CMM_Consultoria\Respaldo web CMM\CMM-WEB(CI4)\vendor\codeigniter4\shield\src\Commands\Setup.php(430): CodeIgniter\Commands\Database\Migrate->run(Array)
#12 C:\Users\Damian\Desktop\CMM_Consultoria\Respaldo web CMM\CMM-WEB(CI4)\vendor\codeigniter4\shield\src\Commands\Setup.php(97): CodeIgniter\Shield\Commands\Setup->runMigrations()
#13 C:\Users\Damian\Desktop\CMM_Consultoria\Respaldo web CMM\CMM-WEB(CI4)\vendor\codeigniter4\shield\src\Commands\Setup.php(82): CodeIgniter\Shield\Commands\Setup->publishConfig()
#14 C:\Users\Damian\Desktop\CMM_Consultoria\Respaldo web CMM\CMM-WEB(CI4)\vendor\codeigniter4\framework\system\CLI\Commands.php(74): CodeIgniter\Shield\Commands\Setup->run(Array)
#15 C:\Users\Damian\Desktop\CMM_Consultoria\Respaldo web CMM\CMM-WEB(CI4)\vendor\codeigniter4\framework\system\CLI\Console.php(47): CodeIgniter\CLI\Commands->run('shield:setup', Array)
#16 C:\Users\Damian\Desktop\CMM_Consultoria\Respaldo web CMM\CMM-WEB(CI4)\vendor\codeigniter4\framework\system\Boot.php(442): CodeIgniter\CLI\Console->run()
#17 C:\Users\Damian\Desktop\CMM_Consultoria\Respaldo web CMM\CMM-WEB(CI4)\vendor\codeigniter4\framework\system\Boot.php(166): CodeIgniter\Boot::runCommand(Object(CodeIgniter\CLI\Console))
#18 C:\Users\Damian\Desktop\CMM_Consultoria\Respaldo web CMM\CMM-WEB(CI4)\spark(87): CodeIgniter\Boot::bootSpark(Object(Config\Paths))
#19 {main}
ERROR - 2026-04-03 17:16:15 --> Error connecting to the database: ErrorException: pg_connect(): Unable to connect to PostgreSQL server: ERROR:  Endpoint ID is not specified. Either please upgrade the postgres client library (libpq) for SNI support or pass the endpoint ID (first part of the domain name) as a parameter: '?options=endpoint%3D<endpoint-id>'. See more at https://neon.tech/sni in C:\Users\Damian\Desktop\CMM_Consultoria\Respaldo web CMM\CMM-WEB(CI4)\vendor\codeigniter4\framework\system\Database\Postgre\Connection.php:78
Stack trace:
#0 [internal function]: CodeIgniter\Debug\Exceptions->errorHandler(2, 'pg_connect(): U...', 'C:\\Users\\Damian...', 78)
#1 C:\Users\Damian\Desktop\CMM_Consultoria\Respaldo web CMM\CMM-WEB(CI4)\vendor\codeigniter4\framework\system\Database\Postgre\Connection.php(78): pg_connect('host=ep-spring-...')
#2 C:\Users\Damian\Desktop\CMM_Consultoria\Respaldo web CMM\CMM-WEB(CI4)\vendor\codeigniter4\framework\system\Database\BaseConnection.php(555): CodeIgniter\Database\Postgre\Connection->connect(false)
#3 C:\Users\Damian\Desktop\CMM_Consultoria\Respaldo web CMM\CMM-WEB(CI4)\vendor\codeigniter4\framework\system\Database\BaseConnection.php(795): CodeIgniter\Database\BaseConnection->initialize()
#4 C:\Users\Damian\Desktop\CMM_Consultoria\Respaldo web CMM\CMM-WEB(CI4)\vendor\codeigniter4\framework\system\Database\BaseConnection.php(1706): CodeIgniter\Database\BaseConnection->query('SELECT "table_n...')
#5 C:\Users\Damian\Desktop\CMM_Consultoria\Respaldo web CMM\CMM-WEB(CI4)\vendor\codeigniter4\framework\system\Database\BaseConnection.php(1726): CodeIgniter\Database\BaseConnection->listTables()
#6 C:\Users\Damian\Desktop\CMM_Consultoria\Respaldo web CMM\CMM-WEB(CI4)\vendor\codeigniter4\framework\system\Database\MigrationRunner.php(821): CodeIgniter\Database\BaseConnection->tableExists('migrations')
#7 C:\Users\Damian\Desktop\CMM_Consultoria\Respaldo web CMM\CMM-WEB(CI4)\vendor\codeigniter4\framework\system\Database\MigrationRunner.php(173): CodeIgniter\Database\MigrationRunner->ensureTable()
#8 C:\Users\Damian\Desktop\CMM_Consultoria\Respaldo web CMM\CMM-WEB(CI4)\vendor\codeigniter4\framework\system\Commands\Database\Migrate.php(89): CodeIgniter\Database\MigrationRunner->latest(NULL)
#9 C:\Users\Damian\Desktop\CMM_Consultoria\Respaldo web CMM\CMM-WEB(CI4)\vendor\codeigniter4\framework\system\CLI\SignalTrait.php(245): CodeIgniter\Commands\Database\Migrate::CodeIgniter\Commands\Database\{closure}()
#10 C:\Users\Damian\Desktop\CMM_Consultoria\Respaldo web CMM\CMM-WEB(CI4)\vendor\codeigniter4\framework\system\Commands\Database\Migrate.php(88): CodeIgniter\Commands\Database\Migrate->withSignalsBlocked(Object(Closure))
#11 C:\Users\Damian\Desktop\CMM_Consultoria\Respaldo web CMM\CMM-WEB(CI4)\vendor\codeigniter4\shield\src\Commands\Setup.php(430): CodeIgniter\Commands\Database\Migrate->run(Array)
#12 C:\Users\Damian\Desktop\CMM_Consultoria\Respaldo web CMM\CMM-WEB(CI4)\vendor\codeigniter4\shield\src\Commands\Setup.php(97): CodeIgniter\Shield\Commands\Setup->runMigrations()
#13 C:\Users\Damian\Desktop\CMM_Consultoria\Respaldo web CMM\CMM-WEB(CI4)\vendor\codeigniter4\shield\src\Commands\Setup.php(82): CodeIgniter\Shield\Commands\Setup->publishConfig()
#14 C:\Users\Damian\Desktop\CMM_Consultoria\Respaldo web CMM\CMM-WEB(CI4)\vendor\codeigniter4\framework\system\CLI\Commands.php(74): CodeIgniter\Shield\Commands\Setup->run(Array)
#15 C:\Users\Damian\Desktop\CMM_Consultoria\Respaldo web CMM\CMM-WEB(CI4)\vendor\codeigniter4\framework\system\CLI\Console.php(47): CodeIgniter\CLI\Commands->run('shield:setup', Array)
#16 C:\Users\Damian\Desktop\CMM_Consultoria\Respaldo web CMM\CMM-WEB(CI4)\vendor\codeigniter4\framework\system\Boot.php(442): CodeIgniter\CLI\Console->run()
#17 C:\Users\Damian\Desktop\CMM_Consultoria\Respaldo web CMM\CMM-WEB(CI4)\vendor\codeigniter4\framework\system\Boot.php(166): CodeIgniter\Boot::runCommand(Object(CodeIgniter\CLI\Console))
#18 C:\Users\Damian\Desktop\CMM_Consultoria\Respaldo web CMM\CMM-WEB(CI4)\spark(87): CodeIgniter\Boot::bootSpark(Object(Config\Paths))
#19 {main}
ERROR - 2026-04-03 17:17:15 --> Error connecting to the database: ErrorException: pg_connect(): Unable to connect to PostgreSQL server: ERROR:  Endpoint ID is not specified. Either please upgrade the postgres client library (libpq) for SNI support or pass the endpoint ID (first part of the domain name) as a parameter: '?options=endpoint%3D<endpoint-id>'. See more at https://neon.tech/sni
ERROR:  connection is insecure (try using `sslmode=require`) in C:\Users\Damian\Desktop\CMM_Consultoria\Respaldo web CMM\CMM-WEB(CI4)\vendor\codeigniter4\framework\system\Database\Postgre\Connection.php:78
Stack trace:
#0 [internal function]: CodeIgniter\Debug\Exceptions->errorHandler(2, 'pg_connect(): U...', 'C:\\Users\\Damian...', 78)
#1 C:\Users\Damian\Desktop\CMM_Consultoria\Respaldo web CMM\CMM-WEB(CI4)\vendor\codeigniter4\framework\system\Database\Postgre\Connection.php(78): pg_connect('host=ep-spring-...')
#2 C:\Users\Damian\Desktop\CMM_Consultoria\Respaldo web CMM\CMM-WEB(CI4)\vendor\codeigniter4\framework\system\Database\BaseConnection.php(555): CodeIgniter\Database\Postgre\Connection->connect(false)
#3 C:\Users\Damian\Desktop\CMM_Consultoria\Respaldo web CMM\CMM-WEB(CI4)\vendor\codeigniter4\framework\system\Database\BaseConnection.php(795): CodeIgniter\Database\BaseConnection->initialize()
#4 C:\Users\Damian\Desktop\CMM_Consultoria\Respaldo web CMM\CMM-WEB(CI4)\vendor\codeigniter4\framework\system\Database\BaseConnection.php(1706): CodeIgniter\Database\BaseConnection->query('SELECT "table_n...')
#5 C:\Users\Damian\Desktop\CMM_Consultoria\Respaldo web CMM\CMM-WEB(CI4)\vendor\codeigniter4\framework\system\Database\BaseConnection.php(1726): CodeIgniter\Database\BaseConnection->listTables()
#6 C:\Users\Damian\Desktop\CMM_Consultoria\Respaldo web CMM\CMM-WEB(CI4)\vendor\codeigniter4\framework\system\Database\MigrationRunner.php(821): CodeIgniter\Database\BaseConnection->tableExists('migrations')
#7 C:\Users\Damian\Desktop\CMM_Consultoria\Respaldo web CMM\CMM-WEB(CI4)\vendor\codeigniter4\framework\system\Database\MigrationRunner.php(173): CodeIgniter\Database\MigrationRunner->ensureTable()
#8 C:\Users\Damian\Desktop\CMM_Consultoria\Respaldo web CMM\CMM-WEB(CI4)\vendor\codeigniter4\framework\system\Commands\Database\Migrate.php(89): CodeIgniter\Database\MigrationRunner->latest(NULL)
#9 C:\Users\Damian\Desktop\CMM_Consultoria\Respaldo web CMM\CMM-WEB(CI4)\vendor\codeigniter4\framework\system\CLI\SignalTrait.php(245): CodeIgniter\Commands\Database\Migrate::CodeIgniter\Commands\Database\{closure}()
#10 C:\Users\Damian\Desktop\CMM_Consultoria\Respaldo web CMM\CMM-WEB(CI4)\vendor\codeigniter4\framework\system\Commands\Database\Migrate.php(88): CodeIgniter\Commands\Database\Migrate->withSignalsBlocked(Object(Closure))
#11 C:\Users\Damian\Desktop\CMM_Consultoria\Respaldo web CMM\CMM-WEB(CI4)\vendor\codeigniter4\shield\src\Commands\Setup.php(430): CodeIgniter\Commands\Database\Migrate->run(Array)
#12 C:\Users\Damian\Desktop\CMM_Consultoria\Respaldo web CMM\CMM-WEB(CI4)\vendor\codeigniter4\shield\src\Commands\Setup.php(97): CodeIgniter\Shield\Commands\Setup->runMigrations()
#13 C:\Users\Damian\Desktop\CMM_Consultoria\Respaldo web CMM\CMM-WEB(CI4)\vendor\codeigniter4\shield\src\Commands\Setup.php(82): CodeIgniter\Shield\Commands\Setup->publishConfig()
#14 C:\Users\Damian\Desktop\CMM_Consultoria\Respaldo web CMM\CMM-WEB(CI4)\vendor\codeigniter4\framework\system\CLI\Commands.php(74): CodeIgniter\Shield\Commands\Setup->run(Array)
#15 C:\Users\Damian\Desktop\CMM_Consultoria\Respaldo web CMM\CMM-WEB(CI4)\vendor\codeigniter4\framework\system\CLI\Console.php(47): CodeIgniter\CLI\Commands->run('shield:setup', Array)
#16 C:\Users\Damian\Desktop\CMM_Consultoria\Respaldo web CMM\CMM-WEB(CI4)\vendor\codeigniter4\framework\system\Boot.php(442): CodeIgniter\CLI\Console->run()
#17 C:\Users\Damian\Desktop\CMM_Consultoria\Respaldo web CMM\CMM-WEB(CI4)\vendor\codeigniter4\framework\system\Boot.php(166): CodeIgniter\Boot::runCommand(Object(CodeIgniter\CLI\Console))
#18 C:\Users\Damian\Desktop\CMM_Consultoria\Respaldo web CMM\CMM-WEB(CI4)\spark(87): CodeIgniter\Boot::bootSpark(Object(Config\Paths))
#19 {main}
ERROR - 2026-04-03 17:18:47 --> Error connecting to the database: ErrorException: pg_connect(): Unable to connect to PostgreSQL server: ERROR:  Endpoint ID is not specified. Either please upgrade the postgres client library (libpq) for SNI support or pass the endpoint ID (first part of the domain name) as a parameter: '?options=endpoint%3D<endpoint-id>'. See more at https://neon.tech/sni
ERROR:  connection is insecure (try using `sslmode=require`) in C:\Users\Damian\Desktop\CMM_Consultoria\Respaldo web CMM\CMM-WEB(CI4)\vendor\codeigniter4\framework\system\Database\Postgre\Connection.php:78
Stack trace:
#0 [internal function]: CodeIgniter\Debug\Exceptions->errorHandler(2, 'pg_connect(): U...', 'C:\\Users\\Damian...', 78)
#1 C:\Users\Damian\Desktop\CMM_Consultoria\Respaldo web CMM\CMM-WEB(CI4)\vendor\codeigniter4\framework\system\Database\Postgre\Connection.php(78): pg_connect('host=ep-spring-...')
#2 C:\Users\Damian\Desktop\CMM_Consultoria\Respaldo web CMM\CMM-WEB(CI4)\vendor\codeigniter4\framework\system\Database\BaseConnection.php(555): CodeIgniter\Database\Postgre\Connection->connect(false)
#3 C:\Users\Damian\Desktop\CMM_Consultoria\Respaldo web CMM\CMM-WEB(CI4)\vendor\codeigniter4\framework\system\Database\BaseConnection.php(795): CodeIgniter\Database\BaseConnection->initialize()
#4 C:\Users\Damian\Desktop\CMM_Consultoria\Respaldo web CMM\CMM-WEB(CI4)\vendor\codeigniter4\framework\system\Database\BaseConnection.php(1706): CodeIgniter\Database\BaseConnection->query('SELECT "table_n...')
#5 C:\Users\Damian\Desktop\CMM_Consultoria\Respaldo web CMM\CMM-WEB(CI4)\vendor\codeigniter4\framework\system\Database\BaseConnection.php(1726): CodeIgniter\Database\BaseConnection->listTables()
#6 C:\Users\Damian\Desktop\CMM_Consultoria\Respaldo web CMM\CMM-WEB(CI4)\vendor\codeigniter4\framework\system\Database\MigrationRunner.php(821): CodeIgniter\Database\BaseConnection->tableExists('migrations')
#7 C:\Users\Damian\Desktop\CMM_Consultoria\Respaldo web CMM\CMM-WEB(CI4)\vendor\codeigniter4\framework\system\Database\MigrationRunner.php(173): CodeIgniter\Database\MigrationRunner->ensureTable()
#8 C:\Users\Damian\Desktop\CMM_Consultoria\Respaldo web CMM\CMM-WEB(CI4)\vendor\codeigniter4\framework\system\Commands\Database\Migrate.php(89): CodeIgniter\Database\MigrationRunner->latest(NULL)
#9 C:\Users\Damian\Desktop\CMM_Consultoria\Respaldo web CMM\CMM-WEB(CI4)\vendor\codeigniter4\framework\system\CLI\SignalTrait.php(245): CodeIgniter\Commands\Database\Migrate::CodeIgniter\Commands\Database\{closure}()
#10 C:\Users\Damian\Desktop\CMM_Consultoria\Respaldo web CMM\CMM-WEB(CI4)\vendor\codeigniter4\framework\system\Commands\Database\Migrate.php(88): CodeIgniter\Commands\Database\Migrate->withSignalsBlocked(Object(Closure))
#11 C:\Users\Damian\Desktop\CMM_Consultoria\Respaldo web CMM\CMM-WEB(CI4)\vendor\codeigniter4\shield\src\Commands\Setup.php(430): CodeIgniter\Commands\Database\Migrate->run(Array)
#12 C:\Users\Damian\Desktop\CMM_Consultoria\Respaldo web CMM\CMM-WEB(CI4)\vendor\codeigniter4\shield\src\Commands\Setup.php(97): CodeIgniter\Shield\Commands\Setup->runMigrations()
#13 C:\Users\Damian\Desktop\CMM_Consultoria\Respaldo web CMM\CMM-WEB(CI4)\vendor\codeigniter4\shield\src\Commands\Setup.php(82): CodeIgniter\Shield\Commands\Setup->publishConfig()
#14 C:\Users\Damian\Desktop\CMM_Consultoria\Respaldo web CMM\CMM-WEB(CI4)\vendor\codeigniter4\framework\system\CLI\Commands.php(74): CodeIgniter\Shield\Commands\Setup->run(Array)
#15 C:\Users\Damian\Desktop\CMM_Consultoria\Respaldo web CMM\CMM-WEB(CI4)\vendor\codeigniter4\framework\system\CLI\Console.php(47): CodeIgniter\CLI\Commands->run('shield:setup', Array)
#16 C:\Users\Damian\Desktop\CMM_Consultoria\Respaldo web CMM\CMM-WEB(CI4)\vendor\codeigniter4\framework\system\Boot.php(442): CodeIgniter\CLI\Console->run()
#17 C:\Users\Damian\Desktop\CMM_Consultoria\Respaldo web CMM\CMM-WEB(CI4)\vendor\codeigniter4\framework\system\Boot.php(166): CodeIgniter\Boot::runCommand(Object(CodeIgniter\CLI\Console))
#18 C:\Users\Damian\Desktop\CMM_Consultoria\Respaldo web CMM\CMM-WEB(CI4)\spark(87): CodeIgniter\Boot::bootSpark(Object(Config\Paths))
#19 {main}
ERROR - 2026-04-03 17:19:05 --> Error connecting to the database: ErrorException: pg_connect(): Unable to connect to PostgreSQL server: ERROR:  Endpoint ID is not specified. Either please upgrade the postgres client library (libpq) for SNI support or pass the endpoint ID (first part of the domain name) as a parameter: '?options=endpoint%3D<endpoint-id>'. See more at https://neon.tech/sni
ERROR:  connection is insecure (try using `sslmode=require`) in C:\Users\Damian\Desktop\CMM_Consultoria\Respaldo web CMM\CMM-WEB(CI4)\vendor\codeigniter4\framework\system\Database\Postgre\Connection.php:78
Stack trace:
#0 [internal function]: CodeIgniter\Debug\Exceptions->errorHandler(2, 'pg_connect(): U...', 'C:\\Users\\Damian...', 78)
#1 C:\Users\Damian\Desktop\CMM_Consultoria\Respaldo web CMM\CMM-WEB(CI4)\vendor\codeigniter4\framework\system\Database\Postgre\Connection.php(78): pg_connect('host=ep-spring-...')
#2 C:\Users\Damian\Desktop\CMM_Consultoria\Respaldo web CMM\CMM-WEB(CI4)\vendor\codeigniter4\framework\system\Database\BaseConnection.php(555): CodeIgniter\Database\Postgre\Connection->connect(false)
#3 C:\Users\Damian\Desktop\CMM_Consultoria\Respaldo web CMM\CMM-WEB(CI4)\vendor\codeigniter4\framework\system\Database\BaseConnection.php(795): CodeIgniter\Database\BaseConnection->initialize()
#4 C:\Users\Damian\Desktop\CMM_Consultoria\Respaldo web CMM\CMM-WEB(CI4)\vendor\codeigniter4\framework\system\Database\BaseConnection.php(1706): CodeIgniter\Database\BaseConnection->query('SELECT "table_n...')
#5 C:\Users\Damian\Desktop\CMM_Consultoria\Respaldo web CMM\CMM-WEB(CI4)\vendor\codeigniter4\framework\system\Database\BaseConnection.php(1726): CodeIgniter\Database\BaseConnection->listTables()
#6 C:\Users\Damian\Desktop\CMM_Consultoria\Respaldo web CMM\CMM-WEB(CI4)\vendor\codeigniter4\framework\system\Database\MigrationRunner.php(821): CodeIgniter\Database\BaseConnection->tableExists('migrations')
#7 C:\Users\Damian\Desktop\CMM_Consultoria\Respaldo web CMM\CMM-WEB(CI4)\vendor\codeigniter4\framework\system\Database\MigrationRunner.php(173): CodeIgniter\Database\MigrationRunner->ensureTable()
#8 C:\Users\Damian\Desktop\CMM_Consultoria\Respaldo web CMM\CMM-WEB(CI4)\vendor\codeigniter4\framework\system\Commands\Database\Migrate.php(89): CodeIgniter\Database\MigrationRunner->latest(NULL)
#9 C:\Users\Damian\Desktop\CMM_Consultoria\Respaldo web CMM\CMM-WEB(CI4)\vendor\codeigniter4\framework\system\CLI\SignalTrait.php(245): CodeIgniter\Commands\Database\Migrate::CodeIgniter\Commands\Database\{closure}()
#10 C:\Users\Damian\Desktop\CMM_Consultoria\Respaldo web CMM\CMM-WEB(CI4)\vendor\codeigniter4\framework\system\Commands\Database\Migrate.php(88): CodeIgniter\Commands\Database\Migrate->withSignalsBlocked(Object(Closure))
#11 C:\Users\Damian\Desktop\CMM_Consultoria\Respaldo web CMM\CMM-WEB(CI4)\vendor\codeigniter4\shield\src\Commands\Setup.php(430): CodeIgniter\Commands\Database\Migrate->run(Array)
#12 C:\Users\Damian\Desktop\CMM_Consultoria\Respaldo web CMM\CMM-WEB(CI4)\vendor\codeigniter4\shield\src\Commands\Setup.php(97): CodeIgniter\Shield\Commands\Setup->runMigrations()
#13 C:\Users\Damian\Desktop\CMM_Consultoria\Respaldo web CMM\CMM-WEB(CI4)\vendor\codeigniter4\shield\src\Commands\Setup.php(82): CodeIgniter\Shield\Commands\Setup->publishConfig()
#14 C:\Users\Damian\Desktop\CMM_Consultoria\Respaldo web CMM\CMM-WEB(CI4)\vendor\codeigniter4\framework\system\CLI\Commands.php(74): CodeIgniter\Shield\Commands\Setup->run(Array)
#15 C:\Users\Damian\Desktop\CMM_Consultoria\Respaldo web CMM\CMM-WEB(CI4)\vendor\codeigniter4\framework\system\CLI\Console.php(47): CodeIgniter\CLI\Commands->run('shield:setup', Array)
#16 C:\Users\Damian\Desktop\CMM_Consultoria\Respaldo web CMM\CMM-WEB(CI4)\vendor\codeigniter4\framework\system\Boot.php(442): CodeIgniter\CLI\Console->run()
#17 C:\Users\Damian\Desktop\CMM_Consultoria\Respaldo web CMM\CMM-WEB(CI4)\vendor\codeigniter4\framework\system\Boot.php(166): CodeIgniter\Boot::runCommand(Object(CodeIgniter\CLI\Console))
#18 C:\Users\Damian\Desktop\CMM_Consultoria\Respaldo web CMM\CMM-WEB(CI4)\spark(87): CodeIgniter\Boot::bootSpark(Object(Config\Paths))
#19 {main}
DEBUG - 2026-04-03 17:31:21 --> Session: Class initialized using 'CodeIgniter\Session\Handlers\FileHandler' driver.
DEBUG - 2026-04-03 17:31:30 --> Session: Class initialized using 'CodeIgniter\Session\Handlers\FileHandler' driver.
DEBUG - 2026-04-03 17:31:34 --> Session: Class initialized using 'CodeIgniter\Session\Handlers\FileHandler' driver.
DEBUG - 2026-04-03 17:31:57 --> Session: Class initialized using 'CodeIgniter\Session\Handlers\FileHandler' driver.
DEBUG - 2026-04-03 17:32:00 --> Session: Class initialized using 'CodeIgniter\Session\Handlers\FileHandler' driver.
